\BOOKMARK [1][-]{section.1}{Introduction}{}% 1
\BOOKMARK [1][-]{section.2}{Model problem, finite element formulation and numerical implementation}{}% 2
\BOOKMARK [2][-]{subsection.2.1}{Model problem}{section.2}% 3
\BOOKMARK [2][-]{subsection.2.2}{Finite element formulation}{section.2}% 4
\BOOKMARK [3][-]{subsubsection.2.2.1}{Preliminaries}{subsection.2.2}% 5
\BOOKMARK [3][-]{subsubsection.2.2.2}{The standard FEM}{subsection.2.2}% 6
\BOOKMARK [3][-]{subsubsection.2.2.3}{The mixed FEM}{subsection.2.2}% 7
\BOOKMARK [2][-]{subsection.2.3}{Numerical implementation}{section.2}% 8
\BOOKMARK [3][-]{subsubsection.2.3.1}{Solution technique}{subsection.2.3}% 9
\BOOKMARK [3][-]{subsubsection.2.3.2}{Error estimation}{subsection.2.3}% 10
\BOOKMARK [3][-]{subsubsection.2.3.3}{Convergence of the solution}{subsection.2.3}% 11
\BOOKMARK [1][-]{section.3}{Sketch of the strategy to predict the highest attainable accuracy}{}% 12
\BOOKMARK [1][-]{section.4}{2D problems}{}% 13
\BOOKMARK [1][-]{section.5}{1D problems}{}% 14
\BOOKMARK [2][-]{subsection.5.1}{Poisson problems}{section.5}% 15
\BOOKMARK [2][-]{subsection.5.2}{Diffusion problems}{section.5}% 16
\BOOKMARK [2][-]{subsection.5.3}{Helmholtz problems}{section.5}% 17
\BOOKMARK [1][-]{section.6}{Algorithm}{}% 18
\BOOKMARK [1][-]{section.7}{Application}{}% 19
\BOOKMARK [2][-]{subsection.7.1}{1D problems}{section.7}% 20
\BOOKMARK [2][-]{subsection.7.2}{2D problems}{section.7}% 21
\BOOKMARK [1][-]{section.8}{Conclusion}{}% 22
\BOOKMARK [1][-]{appendix.A}{Derivation of the weak form}{}% 23
\BOOKMARK [2][-]{subsection.A.1}{The standard FEM}{appendix.A}% 24
\BOOKMARK [2][-]{subsection.A.2}{The mixed FEM}{appendix.A}% 25
\BOOKMARK [1][-]{appendix.B}{Determination of beta T}{}% 26
\BOOKMARK [1][-]{appendix.C}{Illustration of mesh distortion}{}% 27
\BOOKMARK [1][-]{appendix.D}{Error plotting}{}% 28
\BOOKMARK [2][-]{subsection.D.1}{Poisson problems}{appendix.D}% 29
\BOOKMARK [3][-]{subsubsection.D.1.1}{Results of the uniform mesh}{subsection.D.1}% 30
\BOOKMARK [3][-]{subsubsection.D.1.2}{Influence of mesh distortion}{subsection.D.1}% 31
\BOOKMARK [3][-]{subsubsection.D.1.3}{Influence of FEM packages}{subsection.D.1}% 32
\BOOKMARK [2][-]{subsection.D.2}{Diffusion problems}{appendix.D}% 33
\BOOKMARK [3][-]{subsubsection.D.2.1}{Results of the uniform mesh}{subsection.D.2}% 34
\BOOKMARK [3][-]{subsubsection.D.2.2}{Influence of mesh distortion}{subsection.D.2}% 35
\BOOKMARK [3][-]{subsubsection.D.2.3}{Influence of FEM packages}{subsection.D.2}% 36
\BOOKMARK [2][-]{subsection.D.3}{Helmholtz problems}{appendix.D}% 37
