This is pdfTeX, Version 3.14159265-2.6-1.40.17 (TeX Live 2016/Debian) (preloaded format=pdflatex 2017.6.14)  31 AUG 2018 14:06
entering extended mode
 restricted \write18 enabled.
 %&-line parsing enabled.
**/home/dv/jliu/Localdisk/A_Process/00_12-2-2018_second_year_meeting/paper/pape
r_from_27_Aug_18/fancybox.sty

(/home/dv/jliu/Localdisk/A_Process/00_12-2-2018_second_year_meeting/paper/paper
_from_27_Aug_18/fancybox.sty
LaTeX2e <2017/01/01> patch level 3
Babel <3.9r> and hyphenation patterns for 32 language(s) loaded.

LaTeX Warning: You have requested package `',
               but the package provides `numcompress'.

Package: numcompress 2012/08/18 187 numcompress (CVR)

Package numcompress Warning: ****************************************
(numcompress)                Package numcompress v,187 loaded
(numcompress)                [Compress numbers (CVR)]
(numcompress)                ****************************************.


! LaTeX Error: Missing \begin{document}.

See the LaTeX manual or LaTeX Companion for explanation.
Type  H <return>  for immediate help.
 ...                                              
                                                  
l.70 \let\@@f
             page\@empty 
Here is how much of TeX's memory you used:
 42 strings out of 494317
 854 string characters out of 6163512
 47909 words of memory out of 5000000
 3478 multiletter control sequences out of 15000+600000
 3640 words of font info for 14 fonts, out of 8000000 for 9000
 372 hyphenation exceptions out of 8191
 9i,0n,15p,184b,14s stack positions out of 5000i,500n,10000p,200000b,80000s

!  ==> Fatal error occurred, no output PDF file produced!
