\BOOKMARK [1][-]{section.1}{Introduction}{}% 1
\BOOKMARK [1][-]{section.2}{Model problem, finite element formulation and numerical implementation}{}% 2
\BOOKMARK [2][-]{subsection.2.1}{Model problem}{section.2}% 3
\BOOKMARK [2][-]{subsection.2.2}{Finite element formulation}{section.2}% 4
\BOOKMARK [3][-]{subsubsection.2.2.1}{The standard FEM}{subsection.2.2}% 5
\BOOKMARK [3][-]{subsubsection.2.2.2}{The mixed FEM}{subsection.2.2}% 6
\BOOKMARK [2][-]{subsection.2.3}{Numerical implementation}{section.2}% 7
\BOOKMARK [3][-]{subsubsection.2.3.1}{Solution technique}{subsection.2.3}% 8
\BOOKMARK [3][-]{subsubsection.2.3.2}{Error estimation}{subsection.2.3}% 9
\BOOKMARK [1][-]{section.3}{General behaviour of the discretization error}{}% 10
\BOOKMARK [2][-]{subsection.3.1}{Theoretical evolution of the discretization error}{section.3}% 11
\BOOKMARK [2][-]{subsection.3.2}{Quantification of the error constants in Fig. 1}{section.3}% 12
\BOOKMARK [3][-]{subsubsection.3.2.1}{Benchmark equations}{subsection.3.2}% 13
\BOOKMARK [3][-]{subsubsection.3.2.2}{Poisson equations of various u\(x\) and f\(x\)}{subsection.3.2}% 14
\BOOKMARK [3][-]{subsubsection.3.2.3}{Influence of d\(x\) and r\(x\)}{subsection.3.2}% 15
\BOOKMARK [1][-]{section.4}{Sensitivity analysis}{}% 16
\BOOKMARK [2][-]{subsection.4.1}{Solution strategy}{section.4}% 17
\BOOKMARK [2][-]{subsection.4.2}{Boundary conditions}{section.4}% 18
\BOOKMARK [1][-]{section.5}{Approach to find the optimal number of DoFs}{}% 19
\BOOKMARK [2][-]{subsection.5.1}{Strategy}{section.5}% 20
\BOOKMARK [2][-]{subsection.5.2}{A posteriori algorithm for finding the optimal number of degrees of freedom}{section.5}% 21
\BOOKMARK [1][-]{section.6}{Validation}{}% 22
\BOOKMARK [1][-]{section.7}{Conclusions}{}% 23
\BOOKMARK [1][-]{appendix.A}{Derivation of the weak form}{}% 24
\BOOKMARK [2][-]{subsection.A.1}{The standard FEM}{appendix.A}% 25
\BOOKMARK [2][-]{subsection.A.2}{The mixed FEM}{appendix.A}% 26
