\BOOKMARK [1][-]{section.1}{Introduction}{}% 1
\BOOKMARK [1][-]{section.2}{Model problem, finite element formulation and numerical implementation}{}% 2
\BOOKMARK [2][-]{subsection.2.1}{Model problem}{section.2}% 3
\BOOKMARK [2][-]{subsection.2.2}{Finite element formulation}{section.2}% 4
\BOOKMARK [3][-]{subsubsection.2.2.1}{The standard FEM}{subsection.2.2}% 5
\BOOKMARK [3][-]{subsubsection.2.2.2}{The mixed FEM}{subsection.2.2}% 6
\BOOKMARK [2][-]{subsection.2.3}{Numerical implementation}{section.2}% 7
\BOOKMARK [3][-]{subsubsection.2.3.1}{Solution technique}{subsection.2.3}% 8
\BOOKMARK [3][-]{subsubsection.2.3.2}{Error estimation}{subsection.2.3}% 9
\BOOKMARK [1][-]{section.3}{Approach to finding the optimal number of DoFs}{}% 10
\BOOKMARK [2][-]{subsection.3.1}{Theoretical basis}{section.3}% 11
\BOOKMARK [2][-]{subsection.3.2}{Implementation process}{section.3}% 12
\BOOKMARK [1][-]{section.4}{Determination of the error constants in Fig. 1}{}% 13
\BOOKMARK [2][-]{subsection.4.1}{Benchmark equations}{section.4}% 14
\BOOKMARK [2][-]{subsection.4.2}{General second-order differential equations}{section.4}% 15
\BOOKMARK [2][-]{subsection.4.3}{Sensitivity analysis}{section.4}% 16
\BOOKMARK [3][-]{subsubsection.4.3.1}{Solution strategy}{subsection.4.3}% 17
\BOOKMARK [3][-]{subsubsection.4.3.2}{Boundary conditions}{subsection.4.3}% 18
\BOOKMARK [1][-]{section.5}{Algorithm and its application}{}% 19
\BOOKMARK [2][-]{subsection.5.1}{Algorithm}{section.5}% 20
\BOOKMARK [2][-]{subsection.5.2}{Application}{section.5}% 21
\BOOKMARK [1][-]{section.6}{Conclusions}{}% 22
\BOOKMARK [1][-]{appendix.A}{Derivation of the weak form}{}% 23
\BOOKMARK [2][-]{subsection.A.1}{The standard FEM}{appendix.A}% 24
\BOOKMARK [2][-]{subsection.A.2}{The mixed FEM}{appendix.A}% 25
