This is pdfTeX, Version 3.14159265-2.6-1.40.20 (MiKTeX 2.9.7140 64-bit) (preloaded format=pdflatex 2019.8.24)  1 OCT 2020 18:34
entering extended mode
**./manuscript_CAM_113219.tex
(manuscript_CAM_113219.tex
LaTeX2e <2018-12-01>
(elsarticle.cls
Document Class: elsarticle 2009/09/17, 1.20b: Elsevier Ltd
\@bls=\dimen102
("C:\Users\LIUJI\AppData\Local\Programs\MiKTeX 2.9\tex/latex/base\article.cls"
Document Class: article 2018/09/03 v1.4i Standard LaTeX document class
("C:\Users\LIUJI\AppData\Local\Programs\MiKTeX 2.9\tex/latex/base\size10.clo"
File: size10.clo 2018/09/03 v1.4i Standard LaTeX file (size option)
)
\c@part=\count80
\c@section=\count81
\c@subsection=\count82
\c@subsubsection=\count83
\c@paragraph=\count84
\c@subparagraph=\count85
\c@figure=\count86
\c@table=\count87
\abovecaptionskip=\skip41
\belowcaptionskip=\skip42
\bibindent=\dimen103
)
("C:\Users\LIUJI\AppData\Local\Programs\MiKTeX 2.9\tex/latex/graphics\graphicx.
sty"
Package: graphicx 2017/06/01 v1.1a Enhanced LaTeX Graphics (DPC,SPQR)

("C:\Users\LIUJI\AppData\Local\Programs\MiKTeX 2.9\tex/latex/graphics\keyval.st
y"
Package: keyval 2014/10/28 v1.15 key=value parser (DPC)
\KV@toks@=\toks14
)
("C:\Users\LIUJI\AppData\Local\Programs\MiKTeX 2.9\tex/latex/graphics\graphics.
sty"
Package: graphics 2017/06/25 v1.2c Standard LaTeX Graphics (DPC,SPQR)

("C:\Users\LIUJI\AppData\Local\Programs\MiKTeX 2.9\tex/latex/graphics\trig.sty"
Package: trig 2016/01/03 v1.10 sin cos tan (DPC)
)
("C:\Users\LIUJI\AppData\Local\Programs\MiKTeX 2.9\tex/latex/graphics-cfg\graph
ics.cfg"
File: graphics.cfg 2016/06/04 v1.11 sample graphics configuration
)
Package graphics Info: Driver file: pdftex.def on input line 99.

("C:\Users\LIUJI\AppData\Local\Programs\MiKTeX 2.9\tex/latex/graphics-def\pdfte
x.def"
File: pdftex.def 2018/01/08 v1.0l Graphics/color driver for pdftex
))
\Gin@req@height=\dimen104
\Gin@req@width=\dimen105
)
("C:\Users\LIUJI\AppData\Local\Programs\MiKTeX 2.9\tex/latex/psnfss\pifont.sty"
Package: pifont 2005/04/12 PSNFSS-v9.2a Pi font support (SPQR) 
LaTeX Font Info:    Try loading font information for U+pzd on input line 63.
("C:\Users\LIUJI\AppData\Local\Programs\MiKTeX 2.9\tex/latex/psnfss\upzd.fd"
File: upzd.fd 2001/06/04 font definitions for U/pzd.
)
LaTeX Font Info:    Try loading font information for U+psy on input line 64.

("C:\Users\LIUJI\AppData\Local\Programs\MiKTeX 2.9\tex/latex/psnfss\upsy.fd"
File: upsy.fd 2001/06/04 font definitions for U/psy.
))
\c@tnote=\count88
\c@fnote=\count89
\c@cnote=\count90
\c@ead=\count91
\c@author=\count92
\@eadauthor=\toks15
\c@affn=\count93
\absbox=\box27
\keybox=\box28
\Columnwidth=\dimen106
\space@left=\dimen107
\els@boxa=\box29
\els@boxb=\box30
\leftMargin=\dimen108
\@enLab=\toks16
\@sep=\skip43
\@@sep=\skip44

(manuscript_CAM_113219.spl)
("C:\Users\LIUJI\AppData\Local\Programs\MiKTeX 2.9\tex/latex/natbib\natbib.sty"
Package: natbib 2010/09/13 8.31b (PWD, AO)
\bibhang=\skip45
\bibsep=\skip46
LaTeX Info: Redefining \cite on input line 694.
\c@NAT@ctr=\count94
)
\splwrite=\write3
\openout3 = `manuscript_CAM_113219.spl'.


("C:\Users\LIUJI\AppData\Local\Programs\MiKTeX 2.9\tex/latex/geometry\geometry.
sty"
Package: geometry 2018/04/16 v5.8 Page Geometry

("C:\Users\LIUJI\AppData\Local\Programs\MiKTeX 2.9\tex/generic/oberdiek\ifpdf.s
ty"
Package: ifpdf 2018/09/07 v3.3 Provides the ifpdf switch
)
("C:\Users\LIUJI\AppData\Local\Programs\MiKTeX 2.9\tex/generic/oberdiek\ifvtex.
sty"
Package: ifvtex 2016/05/16 v1.6 Detect VTeX and its facilities (HO)
Package ifvtex Info: VTeX not detected.
)
("C:\Users\LIUJI\AppData\Local\Programs\MiKTeX 2.9\tex/generic/ifxetex\ifxetex.
sty"
Package: ifxetex 2010/09/12 v0.6 Provides ifxetex conditional
)
\Gm@cnth=\count95
\Gm@cntv=\count96
\c@Gm@tempcnt=\count97
\Gm@bindingoffset=\dimen109
\Gm@wd@mp=\dimen110
\Gm@odd@mp=\dimen111
\Gm@even@mp=\dimen112
\Gm@layoutwidth=\dimen113
\Gm@layoutheight=\dimen114
\Gm@layouthoffset=\dimen115
\Gm@layoutvoffset=\dimen116
\Gm@dimlist=\toks17

("C:\Users\LIUJI\AppData\Local\Programs\MiKTeX 2.9\tex/latex/geometry\geometry.
cfg"))
\appnamewidth=\dimen117
) (mystyle.sty
("C:\Users\LIUJI\AppData\Local\Programs\MiKTeX 2.9\tex/latex/caption\subcaption
.sty"
Package: subcaption 2018/05/01 v1.1-162 Sub-captions (AR)

("C:\Users\LIUJI\AppData\Local\Programs\MiKTeX 2.9\tex/latex/caption\caption.st
y"
Package: caption 2018/10/06 v3.3-154 Customizing captions (AR)

("C:\Users\LIUJI\AppData\Local\Programs\MiKTeX 2.9\tex/latex/caption\caption3.s
ty"
Package: caption3 2018/09/12 v1.8c caption3 kernel (AR)
Package caption3 Info: TeX engine: e-TeX on input line 64.
\captionmargin=\dimen118
\captionmargin@=\dimen119
\captionwidth=\dimen120
\caption@tempdima=\dimen121
\caption@indent=\dimen122
\caption@parindent=\dimen123
\caption@hangindent=\dimen124
)
\c@caption@flags=\count98
\c@ContinuedFloat=\count99
)
\c@subfigure=\count100
\c@subtable=\count101
)
("C:\Users\LIUJI\AppData\Local\Programs\MiKTeX 2.9\tex/latex/amsmath\amsmath.st
y"
Package: amsmath 2018/12/01 v2.17b AMS math features
\@mathmargin=\skip47

For additional information on amsmath, use the `?' option.

("C:\Users\LIUJI\AppData\Local\Programs\MiKTeX 2.9\tex/latex/amsmath\amstext.st
y"
Package: amstext 2000/06/29 v2.01 AMS text

("C:\Users\LIUJI\AppData\Local\Programs\MiKTeX 2.9\tex/latex/amsmath\amsgen.sty
"
File: amsgen.sty 1999/11/30 v2.0 generic functions
\@emptytoks=\toks18
\ex@=\dimen125
))
("C:\Users\LIUJI\AppData\Local\Programs\MiKTeX 2.9\tex/latex/amsmath\amsbsy.sty
"
Package: amsbsy 1999/11/29 v1.2d Bold Symbols
\pmbraise@=\dimen126
)
("C:\Users\LIUJI\AppData\Local\Programs\MiKTeX 2.9\tex/latex/amsmath\amsopn.sty
"
Package: amsopn 2016/03/08 v2.02 operator names
)
\inf@bad=\count102
LaTeX Info: Redefining \frac on input line 223.
\uproot@=\count103
\leftroot@=\count104
LaTeX Info: Redefining \overline on input line 385.
\classnum@=\count105
\DOTSCASE@=\count106
LaTeX Info: Redefining \ldots on input line 482.
LaTeX Info: Redefining \dots on input line 485.
LaTeX Info: Redefining \cdots on input line 606.
\Mathstrutbox@=\box31
\strutbox@=\box32
\big@size=\dimen127
LaTeX Font Info:    Redeclaring font encoding OML on input line 729.
LaTeX Font Info:    Redeclaring font encoding OMS on input line 730.
\macc@depth=\count107
\c@MaxMatrixCols=\count108
\dotsspace@=\muskip10
\c@parentequation=\count109
\dspbrk@lvl=\count110
\tag@help=\toks19
\row@=\count111
\column@=\count112
\maxfields@=\count113
\andhelp@=\toks20
\eqnshift@=\dimen128
\alignsep@=\dimen129
\tagshift@=\dimen130
\tagwidth@=\dimen131
\totwidth@=\dimen132
\lineht@=\dimen133
\@envbody=\toks21
\multlinegap=\skip48
\multlinetaggap=\skip49
\mathdisplay@stack=\toks22
LaTeX Info: Redefining \[ on input line 2844.
LaTeX Info: Redefining \] on input line 2845.
)
("C:\Users\LIUJI\AppData\Local\Programs\MiKTeX 2.9\tex/latex/amsfonts\amsfonts.
sty"
Package: amsfonts 2013/01/14 v3.01 Basic AMSFonts support
\symAMSa=\mathgroup4
\symAMSb=\mathgroup5
LaTeX Font Info:    Overwriting math alphabet `\mathfrak' in version `bold'
(Font)                  U/euf/m/n --> U/euf/b/n on input line 106.
)
("C:\Users\LIUJI\AppData\Local\Programs\MiKTeX 2.9\tex/latex/amscls\amsthm.sty"
Package: amsthm 2017/10/31 v2.20.4
\thm@style=\toks23
\thm@bodyfont=\toks24
\thm@headfont=\toks25
\thm@notefont=\toks26
\thm@headpunct=\toks27
\thm@preskip=\skip50
\thm@postskip=\skip51
\thm@headsep=\skip52
\dth@everypar=\toks28
LaTeX Info: Redefining \qed on input line 274.
)
("C:\Users\LIUJI\AppData\Local\Programs\MiKTeX 2.9\tex/latex/mathtools\mathtool
s.sty"
Package: mathtools 2019/07/31 v1.22 mathematical typesetting tools

("C:\Users\LIUJI\AppData\Local\Programs\MiKTeX 2.9\tex/latex/tools\calc.sty"
Package: calc 2017/05/25 v4.3 Infix arithmetic (KKT,FJ)
\calc@Acount=\count114
\calc@Bcount=\count115
\calc@Adimen=\dimen134
\calc@Bdimen=\dimen135
\calc@Askip=\skip53
\calc@Bskip=\skip54
LaTeX Info: Redefining \setlength on input line 80.
LaTeX Info: Redefining \addtolength on input line 81.
\calc@Ccount=\count116
\calc@Cskip=\skip55
)
("C:\Users\LIUJI\AppData\Local\Programs\MiKTeX 2.9\tex/latex/mathtools\mhsetup.
sty"
Package: mhsetup 2017/03/31 v1.3 programming setup (MH)
)
LaTeX Info: Thecontrolsequence`\('isalreadyrobust on input line 129.
LaTeX Info: Thecontrolsequence`\)'isalreadyrobust on input line 129.
LaTeX Info: Thecontrolsequence`\['isalreadyrobust on input line 129.
LaTeX Info: Thecontrolsequence`\]'isalreadyrobust on input line 129.
\g_MT_multlinerow_int=\count117
\l_MT_multwidth_dim=\dimen136
\origjot=\skip56
\l_MT_shortvdotswithinadjustabove_dim=\dimen137
\l_MT_shortvdotswithinadjustbelow_dim=\dimen138
\l_MT_above_intertext_sep=\dimen139
\l_MT_below_intertext_sep=\dimen140
\l_MT_above_shortintertext_sep=\dimen141
\l_MT_below_shortintertext_sep=\dimen142
)
("C:\Users\LIUJI\AppData\Local\Programs\MiKTeX 2.9\tex/latex/amsfonts\amssymb.s
ty"
Package: amssymb 2013/01/14 v3.01 AMS font symbols
)
("C:\Users\LIUJI\AppData\Local\Programs\MiKTeX 2.9\tex/latex/was\upgreek.sty"
Package: upgreek 2003/02/12 v2.0 (WaS)
Package upgreek Info: Using Euler Roman for upright Greek on input line 31.
\symugrf@m=\mathgroup6
LaTeX Font Info:    Overwriting symbol font `ugrf@m' in version `bold'
(Font)                  U/eur/m/n --> U/eur/b/n on input line 38.
)
("C:\Users\LIUJI\AppData\Local\Programs\MiKTeX 2.9\tex/latex/xcolor\xcolor.sty"
Package: xcolor 2016/05/11 v2.12 LaTeX color extensions (UK)

("C:\Users\LIUJI\AppData\Local\Programs\MiKTeX 2.9\tex/latex/graphics-cfg\color
.cfg"
File: color.cfg 2016/01/02 v1.6 sample color configuration
)
Package xcolor Info: Driver file: pdftex.def on input line 225.
Package xcolor Info: Model `cmy' substituted by `cmy0' on input line 1348.
Package xcolor Info: Model `hsb' substituted by `rgb' on input line 1352.
Package xcolor Info: Model `RGB' extended on input line 1364.
Package xcolor Info: Model `HTML' substituted by `rgb' on input line 1366.
Package xcolor Info: Model `Hsb' substituted by `hsb' on input line 1367.
Package xcolor Info: Model `tHsb' substituted by `hsb' on input line 1368.
Package xcolor Info: Model `HSB' substituted by `hsb' on input line 1369.
Package xcolor Info: Model `Gray' substituted by `gray' on input line 1370.
Package xcolor Info: Model `wave' substituted by `hsb' on input line 1371.

("C:\Users\LIUJI\AppData\Local\Programs\MiKTeX 2.9\tex/latex/graphics\dvipsnam.
def"
File: dvipsnam.def 2016/06/17 v3.0m Driver-dependent file (DPC,SPQR)
))
("C:\Users\LIUJI\AppData\Local\Programs\MiKTeX 2.9\tex/latex/soul\soul.sty"
Package: soul 2003/11/17 v2.4 letterspacing/underlining (mf)
\SOUL@word=\toks29
\SOUL@lasttoken=\toks30
\SOUL@cmds=\toks31
\SOUL@buffer=\toks32
\SOUL@token=\toks33
\SOUL@spaceskip=\skip57
\SOUL@ttwidth=\dimen143
\SOUL@uldp=\dimen144
\SOUL@ulht=\dimen145
)
("C:\Users\LIUJI\AppData\Local\Programs\MiKTeX 2.9\tex/latex/multirow\multirow.
sty"
Package: multirow 2019/05/31 v2.5 Span multiple rows of a table
\multirow@colwidth=\skip58
\multirow@cntb=\count118
\multirow@dima=\skip59
\bigstrutjot=\dimen146
)
("C:\Users\LIUJI\AppData\Local\Programs\MiKTeX 2.9\tex/latex/tools\array.sty"
Package: array 2018/12/30 v2.4k Tabular extension package (FMi)
\col@sep=\dimen147
\ar@mcellbox=\box33
\extrarowheight=\dimen148
\NC@list=\toks34
\extratabsurround=\skip60
\backup@length=\skip61
\ar@cellbox=\box34
)
("C:\Users\LIUJI\AppData\Local\Programs\MiKTeX 2.9\tex/latex/makecell\makecell.
sty"
Package: makecell 2009/08/03 V0.1e Managing of Tab Column Heads and Cells
\rotheadsize=\dimen149
\c@nlinenum=\count119
\TeXr@lab=\toks35
) ("C:\Users\LIUJI\AppData\Local\Programs\MiKTeX 2.9\tex/latex/pbox\pbox.sty"
Package: pbox 2011/12/07 v1.2 Dynamic parboxes
 ("C:\Users\LIUJI\AppData\Local\Programs\MiKTeX 2.9\tex/latex/base\ifthen.sty"
Package: ifthen 2014/09/29 v1.1c Standard LaTeX ifthen package (DPC)
)
\pb@xlen=\skip62
)
("C:\Users\LIUJI\AppData\Local\Programs\MiKTeX 2.9\tex/latex/mathtools\empheq.s
ty"
Package: empheq 2017/03/31 v2.15 Emphasizing equations
\l_EQ_equationtype_int=\count120
\l_EQ_alignmentmode_int=\count121
\l_EQ_totalwidth_dim=\dimen150
\l_EQ_displaywidth_dim=\dimen151
\l_EQ_temp_linewidth_dim=\dimen152
\EmphEqdelimitershortfall=\dimen153
\EmphEqdelimiterfactor=\count122
\g_EQ_toptag_height_dim=\dimen154
\g_EQ_bottomtag_depth_dim=\dimen155
\g_EQ_toprow_height_dim=\dimen156
\g_EQ_bottomrow_depth_dim=\dimen157
\g_EQ_widesttag_dim=\dimen158
\EQ_mathdisplay_box=\box35
\EQ_tag_box=\box36
\g_EQ_temprow_int=\count123
)
("C:\Users\LIUJI\AppData\Local\Programs\MiKTeX 2.9\tex/latex/colortbl\colortbl.
sty"
Package: colortbl 2018/12/12 v1.0d Color table columns (DPC)
\everycr=\toks36
\minrowclearance=\skip63
)
("C:\Users\LIUJI\AppData\Local\Programs\MiKTeX 2.9\tex/latex/esvect\esvect.sty"
Package: esvect 
\symesvector=\mathgroup7
)
("C:\Users\LIUJI\AppData\Local\Programs\MiKTeX 2.9\tex/latex/spreadtab\spreadta
b.sty"
Package: spreadtab 2019/02/27 v0.5 Spreadsheet features for table environments 
(CT)

("C:\Users\LIUJI\AppData\Local\Programs\MiKTeX 2.9\tex/latex/xstring\xstring.st
y"
("C:\Users\LIUJI\AppData\Local\Programs\MiKTeX 2.9\tex/generic/xstring\xstring.
tex"
\integerpart=\count124
\decimalpart=\count125
)
Package: xstring 2019/02/06 v1.83 String manipulations (CT)
) ("C:\Users\LIUJI\AppData\Local\Programs\MiKTeX 2.9\tex/latex/fp\fp.sty"
Package: fp 1995/04/02

`Fixed Point Package', Version 0.8, April 2, 1995 (C) Michael Mehlich
("C:\Users\LIUJI\AppData\Local\Programs\MiKTeX 2.9\tex/latex/fp\defpattern.sty"
Package: defpattern 1994/10/12
\actioncount=\count126
) ("C:\Users\LIUJI\AppData\Local\Programs\MiKTeX 2.9\tex/latex/fp\fp-basic.sty"
Package: fp-basic 1996/05/13
\FP@xs=\count127
\FP@xia=\count128
\FP@xib=\count129
\FP@xfa=\count130
\FP@xfb=\count131
\FP@rega=\count132
\FP@regb=\count133
\FP@regs=\count134
\FP@times=\count135
) ("C:\Users\LIUJI\AppData\Local\Programs\MiKTeX 2.9\tex/latex/fp\fp-addons.sty
"
Package: fp-addons 1995/03/15
) ("C:\Users\LIUJI\AppData\Local\Programs\MiKTeX 2.9\tex/latex/fp\fp-snap.sty"
Package: fp-snap 1995/04/05
) ("C:\Users\LIUJI\AppData\Local\Programs\MiKTeX 2.9\tex/latex/fp\fp-exp.sty"
Package: fp-exp 1995/04/03
)
("C:\Users\LIUJI\AppData\Local\Programs\MiKTeX 2.9\tex/latex/fp\fp-trigo.sty"
Package: fp-trigo 1995/04/14
)
("C:\Users\LIUJI\AppData\Local\Programs\MiKTeX 2.9\tex/latex/fp\fp-pas.sty"
Package: fp-pas 1994/08/29
)
("C:\Users\LIUJI\AppData\Local\Programs\MiKTeX 2.9\tex/latex/fp\fp-random.sty"
Package: fp-random 1995/02/23
\FPseed=\count136
) ("C:\Users\LIUJI\AppData\Local\Programs\MiKTeX 2.9\tex/latex/fp\fp-eqn.sty"
Package: fp-eqn 1995/04/03
)
("C:\Users\LIUJI\AppData\Local\Programs\MiKTeX 2.9\tex/latex/fp\fp-upn.sty"
Package: fp-upn 1996/10/21
)
("C:\Users\LIUJI\AppData\Local\Programs\MiKTeX 2.9\tex/latex/fp\fp-eval.sty"
Package: fp-eval 1995/04/03
))
spreadtab message: FP calc engine now active
\ST@count=\count137
\ST@colcount=\count138
\ST@colcount@i=\count139
\ST@rowcount=\count140
\ST@rowcount@i=\count141
\ST@intpart=\count142
)
("C:\Users\LIUJI\AppData\Local\Programs\MiKTeX 2.9\tex/latex/numprint\numprint.
sty"
Package: numprint 2012/08/20 v1.39 Print numbers (HH)
\c@nprt@mantissa@digitsbefore=\count143
\c@nprt@mantissa@digitsafter=\count144
\c@nprt@exponent@digitsbefore=\count145
\c@nprt@exponent@digitsafter=\count146
\nprt@digitwidth=\skip64
\nprt@sepwidth=\skip65
\nprt@decimalwidth=\skip66
\nprt@blockwidth=\skip67
\nprt@digittoks=\toks37
\nprt@pretoks=\toks38
\nprt@posttoks=\toks39
\nprt@thisdigit=\count147
\nprt@curpos=\count148
\nprt@rndpos=\count149
\c@nprt@digitsfirstblock=\count150
\c@nprt@blockcnt=\count151
\c@nprt@cntprint=\count152
 No configuration file `numprint.cfg' found.)
("C:\Users\LIUJI\AppData\Local\Programs\MiKTeX 2.9\tex/latex/footmisc\footmisc.
sty"
Package: footmisc 2011/06/06 v5.5b a miscellany of footnote facilities
\FN@temptoken=\toks40
\footnotemargin=\dimen159
\c@pp@next@reset=\count153
Package footmisc Info: Declaring symbol style bringhurst on input line 855.
Package footmisc Info: Declaring symbol style chicago on input line 863.
Package footmisc Info: Declaring symbol style wiley on input line 872.
Package footmisc Info: Declaring symbol style lamport-robust on input line 883.

Package footmisc Info: Declaring symbol style lamport* on input line 903.
Package footmisc Info: Declaring symbol style lamport*-robust on input line 924
.
)
("C:\Users\LIUJI\AppData\Local\Programs\MiKTeX 2.9\tex/latex/siunitx\siunitx.st
y"
("C:\Users\LIUJI\AppData\Local\Programs\MiKTeX 2.9\tex/latex/l3kernel\expl3.sty
"
Package: expl3 2019-08-14 L3 programming layer (loader) 

("C:\Users\LIUJI\AppData\Local\Programs\MiKTeX 2.9\tex/latex/l3kernel\expl3-cod
e.tex"
Package: expl3 2019-08-14 L3 programming layer (code)
\c_max_int=\count154
\l_tmpa_int=\count155
\l_tmpb_int=\count156
\g_tmpa_int=\count157
\g_tmpb_int=\count158
\g__kernel_prg_map_int=\count159
\c__ior_term_noprompt_ior=\count160
\c_log_iow=\count161
\l_iow_line_count_int=\count162
\l__iow_line_target_int=\count163
\l__iow_one_indent_int=\count164
\l__iow_indent_int=\count165
\c_zero_dim=\dimen160
\c_max_dim=\dimen161
\l_tmpa_dim=\dimen162
\l_tmpb_dim=\dimen163
\g_tmpa_dim=\dimen164
\g_tmpb_dim=\dimen165
\c_zero_skip=\skip68
\c_max_skip=\skip69
\l_tmpa_skip=\skip70
\l_tmpb_skip=\skip71
\g_tmpa_skip=\skip72
\g_tmpb_skip=\skip73
\c_zero_muskip=\muskip11
\c_max_muskip=\muskip12
\l_tmpa_muskip=\muskip13
\l_tmpb_muskip=\muskip14
\g_tmpa_muskip=\muskip15
\g_tmpb_muskip=\muskip16
\l_keys_choice_int=\count166
\l__intarray_loop_int=\count167
\c__intarray_sp_dim=\dimen166
\g__intarray_font_int=\count168
\c__fp_leading_shift_int=\count169
\c__fp_middle_shift_int=\count170
\c__fp_trailing_shift_int=\count171
\c__fp_big_leading_shift_int=\count172
\c__fp_big_middle_shift_int=\count173
\c__fp_big_trailing_shift_int=\count174
\c__fp_Bigg_leading_shift_int=\count175
\c__fp_Bigg_middle_shift_int=\count176
\c__fp_Bigg_trailing_shift_int=\count177
\c__kernel_randint_max_int=\count178
\g__fp_array_int=\count179
\l__fp_array_loop_int=\count180
\l__sort_length_int=\count181
\l__sort_min_int=\count182
\l__sort_top_int=\count183
\l__sort_max_int=\count184
\l__sort_true_max_int=\count185
\l__sort_block_int=\count186
\l__sort_begin_int=\count187
\l__sort_end_int=\count188
\l__sort_A_int=\count189
\l__sort_B_int=\count190
\l__sort_C_int=\count191
\l__str_internal_int=\count192
\c__str_replacement_char_int=\count193
\l__tl_analysis_normal_int=\count194
\l__tl_analysis_index_int=\count195
\l__tl_analysis_nesting_int=\count196
\l__tl_analysis_type_int=\count197
\l__regex_internal_a_int=\count198
\l__regex_internal_b_int=\count199
\l__regex_internal_c_int=\count266
\l__regex_balance_int=\count267
\l__regex_group_level_int=\count268
\l__regex_mode_int=\count269
\c__regex_cs_in_class_mode_int=\count270
\c__regex_cs_mode_int=\count271
\l__regex_catcodes_int=\count272
\l__regex_default_catcodes_int=\count273
\c__regex_catcode_D_int=\count274
\c__regex_catcode_S_int=\count275
\c__regex_catcode_L_int=\count276
\c__regex_catcode_O_int=\count277
\c__regex_catcode_A_int=\count278
\c__regex_all_catcodes_int=\count279
\l__regex_show_lines_int=\count280
\l__regex_min_state_int=\count281
\l__regex_max_state_int=\count282
\l__regex_left_state_int=\count283
\l__regex_right_state_int=\count284
\l__regex_capturing_group_int=\count285
\l__regex_min_pos_int=\count286
\l__regex_max_pos_int=\count287
\l__regex_curr_pos_int=\count288
\l__regex_start_pos_int=\count289
\l__regex_success_pos_int=\count290
\l__regex_curr_char_int=\count291
\l__regex_curr_catcode_int=\count292
\l__regex_last_char_int=\count293
\l__regex_case_changed_char_int=\count294
\l__regex_curr_state_int=\count295
\l__regex_step_int=\count296
\l__regex_min_active_int=\count297
\l__regex_max_active_int=\count298
\l__regex_replacement_csnames_int=\count299
\l__regex_match_count_int=\count300
\l__regex_min_submatch_int=\count301
\l__regex_submatch_int=\count302
\l__regex_zeroth_submatch_int=\count303
\g__regex_trace_regex_int=\count304
\c_empty_box=\box37
\l_tmpa_box=\box38
\l_tmpb_box=\box39
\g_tmpa_box=\box40
\g_tmpb_box=\box41
\l__box_top_dim=\dimen167
\l__box_bottom_dim=\dimen168
\l__box_left_dim=\dimen169
\l__box_right_dim=\dimen170
\l__box_top_new_dim=\dimen171
\l__box_bottom_new_dim=\dimen172
\l__box_left_new_dim=\dimen173
\l__box_right_new_dim=\dimen174
\l__box_internal_box=\box42
\l__coffin_internal_box=\box43
\l__coffin_internal_dim=\dimen175
\l__coffin_offset_x_dim=\dimen176
\l__coffin_offset_y_dim=\dimen177
\l__coffin_x_dim=\dimen178
\l__coffin_y_dim=\dimen179
\l__coffin_x_prime_dim=\dimen180
\l__coffin_y_prime_dim=\dimen181
\c_empty_coffin=\box44
\l__coffin_aligned_coffin=\box45
\l__coffin_aligned_internal_coffin=\box46
\l_tmpa_coffin=\box47
\l_tmpb_coffin=\box48
\g_tmpa_coffin=\box49
\g_tmpb_coffin=\box50
\l__coffin_bounding_shift_dim=\dimen182
\l__coffin_left_corner_dim=\dimen183
\l__coffin_right_corner_dim=\dimen184
\l__coffin_bottom_corner_dim=\dimen185
\l__coffin_top_corner_dim=\dimen186
\l__coffin_scaled_total_height_dim=\dimen187
\l__coffin_scaled_width_dim=\dimen188
\c__coffin_empty_coffin=\box51
\l__coffin_display_coffin=\box52
\l__coffin_display_coord_coffin=\box53
\l__coffin_display_pole_coffin=\box54
\l__coffin_display_offset_dim=\dimen189
\l__coffin_display_x_dim=\dimen190
\l__coffin_display_y_dim=\dimen191
\g__file_internal_ior=\read1
\l__seq_internal_a_int=\count305
\l__seq_internal_b_int=\count306
)
("C:\Users\LIUJI\AppData\Local\Programs\MiKTeX 2.9\tex/latex/l3backend\l3backen
d-pdfmode.def"
File: l3backend-pdfmode.def 2019-04-06 v L3 Experimental backend support: PDF m
ode
\l__kernel_color_stack_int=\count307
\l__pdf_internal_box=\box55
))
("C:\Users\LIUJI\AppData\Local\Programs\MiKTeX 2.9\tex/latex/l3packages/xparse\
xparse.sty"
Package: xparse 2019-05-28 L3 Experimental document command parser
\l__xparse_current_arg_int=\count308
\g__xparse_grabber_int=\count309
\l__xparse_m_args_int=\count310
\l__xparse_v_nesting_int=\count311
)
Package: siunitx 2018/05/17 v2.7s A comprehensive (SI) units package

("C:\Users\LIUJI\AppData\Local\Programs\MiKTeX 2.9\tex/latex/l3packages/l3keys2
e\l3keys2e.sty"
Package: l3keys2e 2019-05-28 LaTeX2e option processing using LaTeX3 keys
)
\l__siunitx_tmp_box=\box56
\l__siunitx_tmp_dim=\dimen192
\l__siunitx_tmp_int=\count312
\l__siunitx_number_mantissa_length_int=\count313
\l__siunitx_number_uncert_length_int=\count314
\l__siunitx_round_int=\count315
\l__siunitx_process_decimal_int=\count316
\l__siunitx_process_uncertainty_int=\count317
\l__siunitx_process_fixed_int=\count318
\l__siunitx_process_integer_min_int=\count319
\l__siunitx_process_precision_int=\count320
\l__siunitx_group_min_int=\count321
\l__siunitx_angle_marker_box=\box57
\l__siunitx_angle_unit_box=\box58
\l__siunitx_angle_marker_dim=\dimen193
\l__siunitx_angle_unit_dim=\dimen194
\l__siunitx_unit_int=\count322
\l__siunitx_unit_denominator_int=\count323
\l__siunitx_unit_numerator_int=\count324
\l__siunitx_unit_prefix_int=\count325
\l__siunitx_unit_prefix_base_int=\count326
\l__siunitx_unit_prefix_gram_int=\count327
\l__siunitx_number_product_int=\count328
\c__siunitx_one_fill_skip=\skip74
\l__siunitx_table_unit_align_skip=\skip75
\l__siunitx_table_exponent_dim=\dimen195
\l__siunitx_table_integer_dim=\dimen196
\l__siunitx_table_mantissa_dim=\dimen197
\l__siunitx_table_marker_dim=\dimen198
\l__siunitx_table_result_dim=\dimen199
\l__siunitx_table_uncert_dim=\dimen256
\l__siunitx_table_fill_pre_dim=\dimen257
\l__siunitx_table_fill_post_dim=\dimen258
\l__siunitx_table_fill_mid_dim=\dimen259
\l__siunitx_table_pre_box=\box59
\l__siunitx_table_post_box=\box60
\l__siunitx_table_mantissa_box=\box61
\l__siunitx_table_result_box=\box62
\l__siunitx_table_number_align_skip=\skip76
\l__siunitx_table_text_align_skip=\skip77

("C:\Users\LIUJI\AppData\Local\Programs\MiKTeX 2.9\tex/latex/translator\transla
tor.sty"
Package: translator 2019-05-31 v1.12a Easy translation of strings in LaTeX
))
("C:\Users\LIUJI\AppData\Local\Programs\MiKTeX 2.9\tex/latex/enumitem\enumitem.
sty"
Package: enumitem 2019/06/20 v3.9 Customized lists
\labelindent=\skip78
\enit@outerparindent=\dimen260
\enit@toks=\toks41
\enit@inbox=\box63
\enit@count@id=\count329
\enitdp@description=\count330
)
("C:\Users\LIUJI\AppData\Local\Programs\MiKTeX 2.9\tex/latex/hyperref\hyperref.
sty"
Package: hyperref 2019/06/12 v6.88h Hypertext links for LaTeX

("C:\Users\LIUJI\AppData\Local\Programs\MiKTeX 2.9\tex/generic/oberdiek\hobsub-
hyperref.sty"
Package: hobsub-hyperref 2016/05/16 v1.14 Bundle oberdiek, subset hyperref (HO)


("C:\Users\LIUJI\AppData\Local\Programs\MiKTeX 2.9\tex/generic/oberdiek\hobsub-
generic.sty"
Package: hobsub-generic 2016/05/16 v1.14 Bundle oberdiek, subset generic (HO)
Package: hobsub 2016/05/16 v1.14 Construct package bundles (HO)
Package: infwarerr 2016/05/16 v1.4 Providing info/warning/error messages (HO)
Package: ltxcmds 2016/05/16 v1.23 LaTeX kernel commands for general use (HO)
Package: ifluatex 2016/05/16 v1.4 Provides the ifluatex switch (HO)
Package ifluatex Info: LuaTeX not detected.
Package hobsub Info: Skipping package `ifvtex' (already loaded).
Package: intcalc 2016/05/16 v1.2 Expandable calculations with integers (HO)
Package hobsub Info: Skipping package `ifpdf' (already loaded).
Package: etexcmds 2016/05/16 v1.6 Avoid name clashes with e-TeX commands (HO)
Package: kvsetkeys 2016/05/16 v1.17 Key value parser (HO)
Package: kvdefinekeys 2016/05/16 v1.4 Define keys (HO)
Package: pdftexcmds 2019/07/25 v0.30 Utility functions of pdfTeX for LuaTeX (HO
)
Package pdftexcmds Info: LuaTeX not detected.
Package pdftexcmds Info: \pdf@primitive is available.
Package pdftexcmds Info: \pdf@ifprimitive is available.
Package pdftexcmds Info: \pdfdraftmode found.
Package: pdfescape 2016/05/16 v1.14 Implements pdfTeX's escape features (HO)
Package: bigintcalc 2016/05/16 v1.4 Expandable calculations on big integers (HO
)
Package: bitset 2016/05/16 v1.2 Handle bit-vector datatype (HO)
Package: uniquecounter 2016/05/16 v1.3 Provide unlimited unique counter (HO)
)
Package hobsub Info: Skipping package `hobsub' (already loaded).
Package: letltxmacro 2016/05/16 v1.5 Let assignment for LaTeX macros (HO)
Package: hopatch 2016/05/16 v1.3 Wrapper for package hooks (HO)
Package: xcolor-patch 2016/05/16 xcolor patch
Package: atveryend 2016/05/16 v1.9 Hooks at the very end of document (HO)
Package atveryend Info: \enddocument detected (standard20110627).
Package: atbegshi 2016/06/09 v1.18 At begin shipout hook (HO)
Package: refcount 2016/05/16 v3.5 Data extraction from label references (HO)
Package: hycolor 2016/05/16 v1.8 Color options for hyperref/bookmark (HO)
)
("C:\Users\LIUJI\AppData\Local\Programs\MiKTeX 2.9\tex/latex/oberdiek\auxhook.s
ty"
Package: auxhook 2016/05/16 v1.4 Hooks for auxiliary files (HO)
)
("C:\Users\LIUJI\AppData\Local\Programs\MiKTeX 2.9\tex/latex/oberdiek\kvoptions
.sty"
Package: kvoptions 2016/05/16 v3.12 Key value format for package options (HO)
)
\@linkdim=\dimen261
\Hy@linkcounter=\count331
\Hy@pagecounter=\count332

("C:\Users\LIUJI\AppData\Local\Programs\MiKTeX 2.9\tex/latex/hyperref\pd1enc.de
f"
File: pd1enc.def 2019/06/12 v6.88h Hyperref: PDFDocEncoding definition (HO)
Now handling font encoding PD1 ...
... no UTF-8 mapping file for font encoding PD1
)
\Hy@SavedSpaceFactor=\count333

("C:\Users\LIUJI\AppData\Local\Programs\MiKTeX 2.9\tex/latex/00miktex\hyperref.
cfg"
File: hyperref.cfg 2002/06/06 v1.2 hyperref configuration of TeXLive
)
Package hyperref Info: Hyper figures OFF on input line 4550.
Package hyperref Info: Link nesting OFF on input line 4555.
Package hyperref Info: Hyper index ON on input line 4558.
Package hyperref Info: Plain pages OFF on input line 4565.
Package hyperref Info: Backreferencing OFF on input line 4570.
Package hyperref Info: Implicit mode ON; LaTeX internals redefined.
Package hyperref Info: Bookmarks ON on input line 4803.
\c@Hy@tempcnt=\count334
 ("C:\Users\LIUJI\AppData\Local\Programs\MiKTeX 2.9\tex/latex/url\url.sty"
\Urlmuskip=\muskip17
Package: url 2013/09/16  ver 3.4  Verb mode for urls, etc.
)
LaTeX Info: Redefining \url on input line 5156.
\XeTeXLinkMargin=\dimen262
\Fld@menulength=\count335
\Field@Width=\dimen263
\Fld@charsize=\dimen264
Package hyperref Info: Hyper figures OFF on input line 6411.
Package hyperref Info: Link nesting OFF on input line 6416.
Package hyperref Info: Hyper index ON on input line 6419.
Package hyperref Info: backreferencing OFF on input line 6426.
Package hyperref Info: Link coloring OFF on input line 6431.
Package hyperref Info: Link coloring with OCG OFF on input line 6436.
Package hyperref Info: PDF/A mode OFF on input line 6441.
LaTeX Info: Redefining \ref on input line 6481.
LaTeX Info: Redefining \pageref on input line 6485.
\Hy@abspage=\count336
\c@Item=\count337
\c@Hfootnote=\count338
)
Package hyperref Info: Driver (autodetected): hpdftex.

("C:\Users\LIUJI\AppData\Local\Programs\MiKTeX 2.9\tex/latex/hyperref\hpdftex.d
ef"
File: hpdftex.def 2019/06/12 v6.88h Hyperref driver for pdfTeX
\Fld@listcount=\count339
\c@bookmark@seq@number=\count340

("C:\Users\LIUJI\AppData\Local\Programs\MiKTeX 2.9\tex/latex/oberdiek\rerunfile
check.sty"
Package: rerunfilecheck 2016/05/16 v1.8 Rerun checks for auxiliary files (HO)
Package uniquecounter Info: New unique counter `rerunfilecheck' on input line 2
82.
)
\Hy@SectionHShift=\skip79
)
("C:\Users\LIUJI\AppData\Local\Programs\MiKTeX 2.9\tex/latex/cleveref\cleveref.
sty"
Package: cleveref 2018/03/27 v0.21.4 Intelligent cross-referencing
Package cleveref Info: `hyperref' support loaded on input line 2370.
LaTeX Info: Redefining \cref on input line 2370.
LaTeX Info: Redefining \Cref on input line 2370.
LaTeX Info: Redefining \crefrange on input line 2370.
LaTeX Info: Redefining \Crefrange on input line 2370.
LaTeX Info: Redefining \cpageref on input line 2370.
LaTeX Info: Redefining \Cpageref on input line 2370.
LaTeX Info: Redefining \cpagerefrange on input line 2370.
LaTeX Info: Redefining \Cpagerefrange on input line 2370.
LaTeX Info: Redefining \labelcref on input line 2370.
LaTeX Info: Redefining \labelcpageref on input line 2370.
Package cleveref Info: `amsthm' support loaded on input line 3026.
)
("C:\Users\LIUJI\AppData\Local\Programs\MiKTeX 2.9\tex/latex/pgfplots\pgfplots.
sty"
("C:\Users\LIUJI\AppData\Local\Programs\MiKTeX 2.9\tex/generic/pgfplots\pgfplot
s.revision.tex")
Package: pgfplots 2018/03/28 v1.16 Data Visualization (1.16)

("C:\Users\LIUJI\AppData\Local\Programs\MiKTeX 2.9\tex/latex/pgf/frontendlayer\
tikz.sty"
("C:\Users\LIUJI\AppData\Local\Programs\MiKTeX 2.9\tex/latex/pgf/basiclayer\pgf
.sty"
("C:\Users\LIUJI\AppData\Local\Programs\MiKTeX 2.9\tex/latex/pgf/utilities\pgfr
cs.sty"
("C:\Users\LIUJI\AppData\Local\Programs\MiKTeX 2.9\tex/generic/pgf/utilities\pg
futil-common.tex"
\pgfutil@everybye=\toks42
\pgfutil@tempdima=\dimen265
\pgfutil@tempdimb=\dimen266

("C:\Users\LIUJI\AppData\Local\Programs\MiKTeX 2.9\tex/generic/pgf/utilities\pg
futil-common-lists.tex"))
("C:\Users\LIUJI\AppData\Local\Programs\MiKTeX 2.9\tex/generic/pgf/utilities\pg
futil-latex.def"
\pgfutil@abb=\box64

("C:\Users\LIUJI\AppData\Local\Programs\MiKTeX 2.9\tex/latex/ms\everyshi.sty"
Package: everyshi 2001/05/15 v3.00 EveryShipout Package (MS)
))
("C:\Users\LIUJI\AppData\Local\Programs\MiKTeX 2.9\tex/generic/pgf/utilities\pg
frcs.code.tex"
("C:\Users\LIUJI\AppData\Local\Programs\MiKTeX 2.9\tex/generic/pgf\pgf.revision
.tex")
Package: pgfrcs 2019/08/03 v3.1.4b (3.1.4b)
))
Package: pgf 2019/08/03 v3.1.4b (3.1.4b)

("C:\Users\LIUJI\AppData\Local\Programs\MiKTeX 2.9\tex/latex/pgf/basiclayer\pgf
core.sty"
("C:\Users\LIUJI\AppData\Local\Programs\MiKTeX 2.9\tex/latex/pgf/systemlayer\pg
fsys.sty"
("C:\Users\LIUJI\AppData\Local\Programs\MiKTeX 2.9\tex/generic/pgf/systemlayer\
pgfsys.code.tex"
Package: pgfsys 2019/08/03 v3.1.4b (3.1.4b)

("C:\Users\LIUJI\AppData\Local\Programs\MiKTeX 2.9\tex/generic/pgf/utilities\pg
fkeys.code.tex"
\pgfkeys@pathtoks=\toks43
\pgfkeys@temptoks=\toks44

("C:\Users\LIUJI\AppData\Local\Programs\MiKTeX 2.9\tex/generic/pgf/utilities\pg
fkeysfiltered.code.tex"
\pgfkeys@tmptoks=\toks45
))
\pgf@x=\dimen267
\pgf@y=\dimen268
\pgf@xa=\dimen269
\pgf@ya=\dimen270
\pgf@xb=\dimen271
\pgf@yb=\dimen272
\pgf@xc=\dimen273
\pgf@yc=\dimen274
\pgf@xd=\dimen275
\pgf@yd=\dimen276
\w@pgf@writea=\write4
\r@pgf@reada=\read2
\c@pgf@counta=\count341
\c@pgf@countb=\count342
\c@pgf@countc=\count343
\c@pgf@countd=\count344
\t@pgf@toka=\toks46
\t@pgf@tokb=\toks47
\t@pgf@tokc=\toks48
\pgf@sys@id@count=\count345

("C:\Users\LIUJI\AppData\Local\Programs\MiKTeX 2.9\tex/generic/pgf/systemlayer\
pgf.cfg"
File: pgf.cfg 2019/08/03 v3.1.4b (3.1.4b)
)
Driver file for pgf: pgfsys-pdftex.def

("C:\Users\LIUJI\AppData\Local\Programs\MiKTeX 2.9\tex/generic/pgf/systemlayer\
pgfsys-pdftex.def"
File: pgfsys-pdftex.def 2019/08/03 v3.1.4b (3.1.4b)

("C:\Users\LIUJI\AppData\Local\Programs\MiKTeX 2.9\tex/generic/pgf/systemlayer\
pgfsys-common-pdf.def"
File: pgfsys-common-pdf.def 2019/08/03 v3.1.4b (3.1.4b)
)))
("C:\Users\LIUJI\AppData\Local\Programs\MiKTeX 2.9\tex/generic/pgf/systemlayer\
pgfsyssoftpath.code.tex"
File: pgfsyssoftpath.code.tex 2019/08/03 v3.1.4b (3.1.4b)
\pgfsyssoftpath@smallbuffer@items=\count346
\pgfsyssoftpath@bigbuffer@items=\count347
)
("C:\Users\LIUJI\AppData\Local\Programs\MiKTeX 2.9\tex/generic/pgf/systemlayer\
pgfsysprotocol.code.tex"
File: pgfsysprotocol.code.tex 2019/08/03 v3.1.4b (3.1.4b)
))
("C:\Users\LIUJI\AppData\Local\Programs\MiKTeX 2.9\tex/generic/pgf/basiclayer\p
gfcore.code.tex"
Package: pgfcore 2019/08/03 v3.1.4b (3.1.4b)

("C:\Users\LIUJI\AppData\Local\Programs\MiKTeX 2.9\tex/generic/pgf/math\pgfmath
.code.tex"
("C:\Users\LIUJI\AppData\Local\Programs\MiKTeX 2.9\tex/generic/pgf/math\pgfmath
calc.code.tex"
("C:\Users\LIUJI\AppData\Local\Programs\MiKTeX 2.9\tex/generic/pgf/math\pgfmath
util.code.tex")
("C:\Users\LIUJI\AppData\Local\Programs\MiKTeX 2.9\tex/generic/pgf/math\pgfmath
parser.code.tex"
\pgfmath@dimen=\dimen277
\pgfmath@count=\count348
\pgfmath@box=\box65
\pgfmath@toks=\toks49
\pgfmath@stack@operand=\toks50
\pgfmath@stack@operation=\toks51
)
("C:\Users\LIUJI\AppData\Local\Programs\MiKTeX 2.9\tex/generic/pgf/math\pgfmath
functions.code.tex"
("C:\Users\LIUJI\AppData\Local\Programs\MiKTeX 2.9\tex/generic/pgf/math\pgfmath
functions.basic.code.tex")
("C:\Users\LIUJI\AppData\Local\Programs\MiKTeX 2.9\tex/generic/pgf/math\pgfmath
functions.trigonometric.code.tex")
("C:\Users\LIUJI\AppData\Local\Programs\MiKTeX 2.9\tex/generic/pgf/math\pgfmath
functions.random.code.tex")
("C:\Users\LIUJI\AppData\Local\Programs\MiKTeX 2.9\tex/generic/pgf/math\pgfmath
functions.comparison.code.tex")
("C:\Users\LIUJI\AppData\Local\Programs\MiKTeX 2.9\tex/generic/pgf/math\pgfmath
functions.base.code.tex")
("C:\Users\LIUJI\AppData\Local\Programs\MiKTeX 2.9\tex/generic/pgf/math\pgfmath
functions.round.code.tex")
("C:\Users\LIUJI\AppData\Local\Programs\MiKTeX 2.9\tex/generic/pgf/math\pgfmath
functions.misc.code.tex")
("C:\Users\LIUJI\AppData\Local\Programs\MiKTeX 2.9\tex/generic/pgf/math\pgfmath
functions.integerarithmetics.code.tex")))
("C:\Users\LIUJI\AppData\Local\Programs\MiKTeX 2.9\tex/generic/pgf/math\pgfmath
float.code.tex"
\c@pgfmathroundto@lastzeros=\count349
))
("C:\Users\LIUJI\AppData\Local\Programs\MiKTeX 2.9\tex/generic/pgf/math\pgfint.
code.tex")
("C:\Users\LIUJI\AppData\Local\Programs\MiKTeX 2.9\tex/generic/pgf/basiclayer\p
gfcorepoints.code.tex"
File: pgfcorepoints.code.tex 2019/08/03 v3.1.4b (3.1.4b)
\pgf@picminx=\dimen278
\pgf@picmaxx=\dimen279
\pgf@picminy=\dimen280
\pgf@picmaxy=\dimen281
\pgf@pathminx=\dimen282
\pgf@pathmaxx=\dimen283
\pgf@pathminy=\dimen284
\pgf@pathmaxy=\dimen285
\pgf@xx=\dimen286
\pgf@xy=\dimen287
\pgf@yx=\dimen288
\pgf@yy=\dimen289
\pgf@zx=\dimen290
\pgf@zy=\dimen291
)
("C:\Users\LIUJI\AppData\Local\Programs\MiKTeX 2.9\tex/generic/pgf/basiclayer\p
gfcorepathconstruct.code.tex"
File: pgfcorepathconstruct.code.tex 2019/08/03 v3.1.4b (3.1.4b)
\pgf@path@lastx=\dimen292
\pgf@path@lasty=\dimen293
)
("C:\Users\LIUJI\AppData\Local\Programs\MiKTeX 2.9\tex/generic/pgf/basiclayer\p
gfcorepathusage.code.tex"
File: pgfcorepathusage.code.tex 2019/08/03 v3.1.4b (3.1.4b)
\pgf@shorten@end@additional=\dimen294
\pgf@shorten@start@additional=\dimen295
)
("C:\Users\LIUJI\AppData\Local\Programs\MiKTeX 2.9\tex/generic/pgf/basiclayer\p
gfcorescopes.code.tex"
File: pgfcorescopes.code.tex 2019/08/03 v3.1.4b (3.1.4b)
\pgfpic=\box66
\pgf@hbox=\box67
\pgf@layerbox@main=\box68
\pgf@picture@serial@count=\count350
)
("C:\Users\LIUJI\AppData\Local\Programs\MiKTeX 2.9\tex/generic/pgf/basiclayer\p
gfcoregraphicstate.code.tex"
File: pgfcoregraphicstate.code.tex 2019/08/03 v3.1.4b (3.1.4b)
\pgflinewidth=\dimen296
)
("C:\Users\LIUJI\AppData\Local\Programs\MiKTeX 2.9\tex/generic/pgf/basiclayer\p
gfcoretransformations.code.tex"
File: pgfcoretransformations.code.tex 2019/08/03 v3.1.4b (3.1.4b)
\pgf@pt@x=\dimen297
\pgf@pt@y=\dimen298
\pgf@pt@temp=\dimen299
)
("C:\Users\LIUJI\AppData\Local\Programs\MiKTeX 2.9\tex/generic/pgf/basiclayer\p
gfcorequick.code.tex"
File: pgfcorequick.code.tex 2019/08/03 v3.1.4b (3.1.4b)
)
("C:\Users\LIUJI\AppData\Local\Programs\MiKTeX 2.9\tex/generic/pgf/basiclayer\p
gfcoreobjects.code.tex"
File: pgfcoreobjects.code.tex 2019/08/03 v3.1.4b (3.1.4b)
)
("C:\Users\LIUJI\AppData\Local\Programs\MiKTeX 2.9\tex/generic/pgf/basiclayer\p
gfcorepathprocessing.code.tex"
File: pgfcorepathprocessing.code.tex 2019/08/03 v3.1.4b (3.1.4b)
)
("C:\Users\LIUJI\AppData\Local\Programs\MiKTeX 2.9\tex/generic/pgf/basiclayer\p
gfcorearrows.code.tex"
File: pgfcorearrows.code.tex 2019/08/03 v3.1.4b (3.1.4b)
\pgfarrowsep=\dimen300
)
("C:\Users\LIUJI\AppData\Local\Programs\MiKTeX 2.9\tex/generic/pgf/basiclayer\p
gfcoreshade.code.tex"
File: pgfcoreshade.code.tex 2019/08/03 v3.1.4b (3.1.4b)
\pgf@max=\dimen301
\pgf@sys@shading@range@num=\count351
\pgf@shadingcount=\count352
)
("C:\Users\LIUJI\AppData\Local\Programs\MiKTeX 2.9\tex/generic/pgf/basiclayer\p
gfcoreimage.code.tex"
File: pgfcoreimage.code.tex 2019/08/03 v3.1.4b (3.1.4b)

("C:\Users\LIUJI\AppData\Local\Programs\MiKTeX 2.9\tex/generic/pgf/basiclayer\p
gfcoreexternal.code.tex"
File: pgfcoreexternal.code.tex 2019/08/03 v3.1.4b (3.1.4b)
\pgfexternal@startupbox=\box69
))
("C:\Users\LIUJI\AppData\Local\Programs\MiKTeX 2.9\tex/generic/pgf/basiclayer\p
gfcorelayers.code.tex"
File: pgfcorelayers.code.tex 2019/08/03 v3.1.4b (3.1.4b)
)
("C:\Users\LIUJI\AppData\Local\Programs\MiKTeX 2.9\tex/generic/pgf/basiclayer\p
gfcoretransparency.code.tex"
File: pgfcoretransparency.code.tex 2019/08/03 v3.1.4b (3.1.4b)
)
("C:\Users\LIUJI\AppData\Local\Programs\MiKTeX 2.9\tex/generic/pgf/basiclayer\p
gfcorepatterns.code.tex"
File: pgfcorepatterns.code.tex 2019/08/03 v3.1.4b (3.1.4b)
)
("C:\Users\LIUJI\AppData\Local\Programs\MiKTeX 2.9\tex/generic/pgf/basiclayer\p
gfcorerdf.code.tex"
File: pgfcorerdf.code.tex 2019/08/03 v3.1.4b (3.1.4b)
)))
("C:\Users\LIUJI\AppData\Local\Programs\MiKTeX 2.9\tex/generic/pgf/modules\pgfm
oduleshapes.code.tex"
File: pgfmoduleshapes.code.tex 2019/08/03 v3.1.4b (3.1.4b)
\pgfnodeparttextbox=\box70
)
("C:\Users\LIUJI\AppData\Local\Programs\MiKTeX 2.9\tex/generic/pgf/modules\pgfm
oduleplot.code.tex"
File: pgfmoduleplot.code.tex 2019/08/03 v3.1.4b (3.1.4b)
)
("C:\Users\LIUJI\AppData\Local\Programs\MiKTeX 2.9\tex/latex/pgf/compatibility\
pgfcomp-version-0-65.sty"
Package: pgfcomp-version-0-65 2019/08/03 v3.1.4b (3.1.4b)
\pgf@nodesepstart=\dimen302
\pgf@nodesepend=\dimen303
)
("C:\Users\LIUJI\AppData\Local\Programs\MiKTeX 2.9\tex/latex/pgf/compatibility\
pgfcomp-version-1-18.sty"
Package: pgfcomp-version-1-18 2019/08/03 v3.1.4b (3.1.4b)
))
("C:\Users\LIUJI\AppData\Local\Programs\MiKTeX 2.9\tex/latex/pgf/utilities\pgff
or.sty"
("C:\Users\LIUJI\AppData\Local\Programs\MiKTeX 2.9\tex/latex/pgf/utilities\pgfk
eys.sty"
("C:\Users\LIUJI\AppData\Local\Programs\MiKTeX 2.9\tex/generic/pgf/utilities\pg
fkeys.code.tex"))
("C:\Users\LIUJI\AppData\Local\Programs\MiKTeX 2.9\tex/latex/pgf/math\pgfmath.s
ty"
("C:\Users\LIUJI\AppData\Local\Programs\MiKTeX 2.9\tex/generic/pgf/math\pgfmath
.code.tex"))
("C:\Users\LIUJI\AppData\Local\Programs\MiKTeX 2.9\tex/generic/pgf/utilities\pg
ffor.code.tex"
Package: pgffor 2019/08/03 v3.1.4b (3.1.4b)

("C:\Users\LIUJI\AppData\Local\Programs\MiKTeX 2.9\tex/generic/pgf/math\pgfmath
.code.tex")
\pgffor@iter=\dimen304
\pgffor@skip=\dimen305
\pgffor@stack=\toks52
\pgffor@toks=\toks53
))
("C:\Users\LIUJI\AppData\Local\Programs\MiKTeX 2.9\tex/generic/pgf/frontendlaye
r/tikz\tikz.code.tex"
Package: tikz 2019/08/03 v3.1.4b (3.1.4b)

("C:\Users\LIUJI\AppData\Local\Programs\MiKTeX 2.9\tex/generic/pgf/libraries\pg
flibraryplothandlers.code.tex"
File: pgflibraryplothandlers.code.tex 2019/08/03 v3.1.4b (3.1.4b)
\pgf@plot@mark@count=\count353
\pgfplotmarksize=\dimen306
)
\tikz@lastx=\dimen307
\tikz@lasty=\dimen308
\tikz@lastxsaved=\dimen309
\tikz@lastysaved=\dimen310
\tikz@lastmovetox=\dimen311
\tikz@lastmovetoy=\dimen312
\tikzleveldistance=\dimen313
\tikzsiblingdistance=\dimen314
\tikz@figbox=\box71
\tikz@figbox@bg=\box72
\tikz@tempbox=\box73
\tikz@tempbox@bg=\box74
\tikztreelevel=\count354
\tikznumberofchildren=\count355
\tikznumberofcurrentchild=\count356
\tikz@fig@count=\count357

("C:\Users\LIUJI\AppData\Local\Programs\MiKTeX 2.9\tex/generic/pgf/modules\pgfm
odulematrix.code.tex"
File: pgfmodulematrix.code.tex 2019/08/03 v3.1.4b (3.1.4b)
\pgfmatrixcurrentrow=\count358
\pgfmatrixcurrentcolumn=\count359
\pgf@matrix@numberofcolumns=\count360
)
\tikz@expandcount=\count361

("C:\Users\LIUJI\AppData\Local\Programs\MiKTeX 2.9\tex/generic/pgf/frontendlaye
r/tikz/libraries\tikzlibrarytopaths.code.tex"
File: tikzlibrarytopaths.code.tex 2019/08/03 v3.1.4b (3.1.4b)
)))
("C:\Users\LIUJI\AppData\Local\Programs\MiKTeX 2.9\tex/generic/pgfplots\pgfplot
s.code.tex"
("C:\Users\LIUJI\AppData\Local\Programs\MiKTeX 2.9\tex/generic/pgfplots\pgfplot
score.code.tex"
\t@pgfplots@toka=\toks54
\t@pgfplots@tokb=\toks55
\t@pgfplots@tokc=\toks56
\pgfplots@tmpa=\dimen315
\c@pgfplots@coordindex=\count362
\c@pgfplots@scanlineindex=\count363

("C:\Users\LIUJI\AppData\Local\Programs\MiKTeX 2.9\tex/generic/pgfplots/sys\pgf
plotssysgeneric.code.tex"))
("C:\Users\LIUJI\AppData\Local\Programs\MiKTeX 2.9\tex/generic/pgfplots/libs\pg
fplotslibrary.code.tex")
("C:\Users\LIUJI\AppData\Local\Programs\MiKTeX 2.9\tex/generic/pgfplots/oldpgfc
ompatib\pgfplotsoldpgfsupp_loader.code.tex"
("C:\Users\LIUJI\AppData\Local\Programs\MiKTeX 2.9\tex/generic/pgf/libraries\pg
flibraryfpu.code.tex"))
("C:\Users\LIUJI\AppData\Local\Programs\MiKTeX 2.9\tex/generic/pgfplots/util\pg
fplotsutil.code.tex"
("C:\Users\LIUJI\AppData\Local\Programs\MiKTeX 2.9\tex/generic/pgfplots/liststr
ucture\pgfplotsliststructure.code.tex")
("C:\Users\LIUJI\AppData\Local\Programs\MiKTeX 2.9\tex/generic/pgfplots/liststr
ucture\pgfplotsliststructureext.code.tex")
("C:\Users\LIUJI\AppData\Local\Programs\MiKTeX 2.9\tex/generic/pgfplots/liststr
ucture\pgfplotsarray.code.tex"
\c@pgfplotsarray@tmp=\count364
)
("C:\Users\LIUJI\AppData\Local\Programs\MiKTeX 2.9\tex/generic/pgfplots/liststr
ucture\pgfplotsmatrix.code.tex")
("C:\Users\LIUJI\AppData\Local\Programs\MiKTeX 2.9\tex/generic/pgfplots/numtabl
e\pgfplotstableshared.code.tex"
\c@pgfplotstable@counta=\count365
\t@pgfplotstable@a=\toks57
)
("C:\Users\LIUJI\AppData\Local\Programs\MiKTeX 2.9\tex/generic/pgfplots/liststr
ucture\pgfplotsdeque.code.tex")
("C:\Users\LIUJI\AppData\Local\Programs\MiKTeX 2.9\tex/generic/pgfplots/util\pg
fplotsbinary.code.tex"
("C:\Users\LIUJI\AppData\Local\Programs\MiKTeX 2.9\tex/generic/pgfplots/util\pg
fplotsbinary.data.code.tex"))
("C:\Users\LIUJI\AppData\Local\Programs\MiKTeX 2.9\tex/generic/pgfplots/util\pg
fplotsutil.verb.code.tex")
("C:\Users\LIUJI\AppData\Local\Programs\MiKTeX 2.9\tex/generic/pgfplots/libs\pg
flibrarypgfplots.surfshading.code.tex"
\c@pgfplotslibrarysurf@no=\count366

("C:\Users\LIUJI\AppData\Local\Programs\MiKTeX 2.9\tex/generic/pgfplots/sys\pgf
librarypgfplots.surfshading.pgfsys-pdftex.def")))
("C:\Users\LIUJI\AppData\Local\Programs\MiKTeX 2.9\tex/generic/pgfplots/util\pg
fplotscolormap.code.tex"
("C:\Users\LIUJI\AppData\Local\Programs\MiKTeX 2.9\tex/generic/pgfplots/util\pg
fplotscolor.code.tex"))
("C:\Users\LIUJI\AppData\Local\Programs\MiKTeX 2.9\tex/generic/pgfplots\pgfplot
sstackedplots.code.tex")
("C:\Users\LIUJI\AppData\Local\Programs\MiKTeX 2.9\tex/generic/pgfplots\pgfplot
splothandlers.code.tex"
("C:\Users\LIUJI\AppData\Local\Programs\MiKTeX 2.9\tex/generic/pgfplots\pgfplot
smeshplothandler.code.tex"
("C:\Users\LIUJI\AppData\Local\Programs\MiKTeX 2.9\tex/generic/pgfplots\pgfplot
smeshplotimage.code.tex")))
("C:\Users\LIUJI\AppData\Local\Programs\MiKTeX 2.9\tex/generic/pgfplots\pgfplot
s.scaling.code.tex")
("C:\Users\LIUJI\AppData\Local\Programs\MiKTeX 2.9\tex/generic/pgfplots\pgfplot
scoordprocessing.code.tex")
("C:\Users\LIUJI\AppData\Local\Programs\MiKTeX 2.9\tex/generic/pgfplots\pgfplot
s.errorbars.code.tex")
("C:\Users\LIUJI\AppData\Local\Programs\MiKTeX 2.9\tex/generic/pgfplots\pgfplot
s.markers.code.tex")
("C:\Users\LIUJI\AppData\Local\Programs\MiKTeX 2.9\tex/generic/pgfplots\pgfplot
sticks.code.tex")
("C:\Users\LIUJI\AppData\Local\Programs\MiKTeX 2.9\tex/generic/pgfplots\pgfplot
s.paths.code.tex")
("C:\Users\LIUJI\AppData\Local\Programs\MiKTeX 2.9\tex/generic/pgf/frontendlaye
r/tikz/libraries\tikzlibrarydecorations.code.tex"
("C:\Users\LIUJI\AppData\Local\Programs\MiKTeX 2.9\tex/generic/pgf/modules\pgfm
oduledecorations.code.tex"
\pgfdecoratedcompleteddistance=\dimen316
\pgfdecoratedremainingdistance=\dimen317
\pgfdecoratedinputsegmentcompleteddistance=\dimen318
\pgfdecoratedinputsegmentremainingdistance=\dimen319
\pgf@decorate@distancetomove=\dimen320
\pgf@decorate@repeatstate=\count367
\pgfdecorationsegmentamplitude=\dimen321
\pgfdecorationsegmentlength=\dimen322
)
\tikz@lib@dec@box=\box75
)
("C:\Users\LIUJI\AppData\Local\Programs\MiKTeX 2.9\tex/generic/pgf/frontendlaye
r/tikz/libraries\tikzlibrarydecorations.pathmorphing.code.tex"
("C:\Users\LIUJI\AppData\Local\Programs\MiKTeX 2.9\tex/generic/pgf/libraries/de
corations\pgflibrarydecorations.pathmorphing.code.tex"))
("C:\Users\LIUJI\AppData\Local\Programs\MiKTeX 2.9\tex/generic/pgf/frontendlaye
r/tikz/libraries\tikzlibrarydecorations.pathreplacing.code.tex"
("C:\Users\LIUJI\AppData\Local\Programs\MiKTeX 2.9\tex/generic/pgf/libraries/de
corations\pgflibrarydecorations.pathreplacing.code.tex"))
\pgfplots@numplots=\count368
\pgfplots@xmin@reg=\dimen323
\pgfplots@xmax@reg=\dimen324
\pgfplots@ymin@reg=\dimen325
\pgfplots@ymax@reg=\dimen326
\pgfplots@zmin@reg=\dimen327
\pgfplots@zmax@reg=\dimen328
)
("C:\Users\LIUJI\AppData\Local\Programs\MiKTeX 2.9\tex/generic/pgf/frontendlaye
r/tikz/libraries\tikzlibraryplotmarks.code.tex"
File: tikzlibraryplotmarks.code.tex 2019/08/03 v3.1.4b (3.1.4b)

("C:\Users\LIUJI\AppData\Local\Programs\MiKTeX 2.9\tex/generic/pgf/libraries\pg
flibraryplotmarks.code.tex"
File: pgflibraryplotmarks.code.tex 2019/08/03 v3.1.4b (3.1.4b)
)))
("C:\Users\LIUJI\AppData\Local\Programs\MiKTeX 2.9\tex/latex/algorithm2e\algori
thm2e.sty"
Package: algorithm2e 2017/07/18 v5.2 algorithms environments
\c@AlgoLine=\count369
\algocf@hangindent=\skip80

("C:\Users\LIUJI\AppData\Local\Programs\MiKTeX 2.9\tex/latex/ifoddpage\ifoddpag
e.sty"
Package: ifoddpage 2016/04/23 v1.1 Conditionals for odd/even page detection
\c@checkoddpage=\count370
)
("C:\Users\LIUJI\AppData\Local\Programs\MiKTeX 2.9\tex/latex/tools\xspace.sty"
Package: xspace 2014/10/28 v1.13 Space after command names (DPC,MH)
)
("C:\Users\LIUJI\AppData\Local\Programs\MiKTeX 2.9\tex/latex/relsize\relsize.st
y"
Package: relsize 2013/03/29 ver 4.1
)
\skiptotal=\skip81
\skiplinenumber=\skip82
\skiprule=\skip83
\skiphlne=\skip84
\skiptext=\skip85
\skiplength=\skip86
\algomargin=\skip87
\skipalgocfslide=\skip88
\algowidth=\dimen329
\inoutsize=\dimen330
\inoutindent=\dimen331
\interspacetitleruled=\dimen332
\interspacealgoruled=\dimen333
\interspacetitleboxruled=\dimen334
\algocf@ruledwidth=\skip89
\algocf@inoutbox=\box76
\algocf@inputbox=\box77
\AlCapSkip=\skip90
\AlCapHSkip=\skip91
\algoskipindent=\skip92
\algocf@nlbox=\box78
\algocf@hangingbox=\box79
\algocf@untilbox=\box80
\algocf@skipuntil=\skip93
\algocf@capbox=\box81
\algocf@lcaptionbox=\skip94
\algoheightruledefault=\skip95
\algoheightrule=\skip96
\algotitleheightruledefault=\skip97
\algotitleheightrule=\skip98
\c@algocfline=\count371
\c@algocfproc=\count372
\c@algocf=\count373
\algocf@algoframe=\box82
\algocf@algobox=\box83
)
("C:\Users\LIUJI\AppData\Local\Programs\MiKTeX 2.9\tex/latex/booktabs\booktabs.
sty"
Package: booktabs 2019/10/08 v1.6180339 publication quality tables
\heavyrulewidth=\dimen335
\lightrulewidth=\dimen336
\cmidrulewidth=\dimen337
\belowrulesep=\dimen338
\belowbottomsep=\dimen339
\aboverulesep=\dimen340
\abovetopsep=\dimen341
\cmidrulesep=\dimen342
\cmidrulekern=\dimen343
\defaultaddspace=\dimen344
\@cmidla=\count374
\@cmidlb=\count375
\@aboverulesep=\dimen345
\@belowrulesep=\dimen346
\@thisruleclass=\count376
\@lastruleclass=\count377
\@thisrulewidth=\dimen347
)
("C:\Users\LIUJI\AppData\Local\Programs\MiKTeX 2.9\tex/latex/lineno\lineno.sty"
Package: lineno 2005/11/02 line numbers on paragraphs v4.41
\linenopenalty=\count378
\output=\toks58
\linenoprevgraf=\count379
\linenumbersep=\dimen348
\linenumberwidth=\dimen349
\c@linenumber=\count380
\c@pagewiselinenumber=\count381
\c@LN@truepage=\count382
\c@internallinenumber=\count383
\c@internallinenumbers=\count384
\quotelinenumbersep=\dimen350
\bframerule=\dimen351
\bframesep=\dimen352
\bframebox=\box84
LaTeX Info: Redefining \\ on input line 3056.
)) (manuscript_CAM_113219.aux)
\openout1 = `manuscript_CAM_113219.aux'.

LaTeX Font Info:    Checking defaults for OML/cmm/m/it on input line 6.
LaTeX Font Info:    ... okay on input line 6.
LaTeX Font Info:    Checking defaults for T1/cmr/m/n on input line 6.
LaTeX Font Info:    ... okay on input line 6.
LaTeX Font Info:    Checking defaults for OT1/cmr/m/n on input line 6.
LaTeX Font Info:    ... okay on input line 6.
LaTeX Font Info:    Checking defaults for OMS/cmsy/m/n on input line 6.
LaTeX Font Info:    ... okay on input line 6.
LaTeX Font Info:    Checking defaults for OMX/cmex/m/n on input line 6.
LaTeX Font Info:    ... okay on input line 6.
LaTeX Font Info:    Checking defaults for U/cmr/m/n on input line 6.
LaTeX Font Info:    ... okay on input line 6.
LaTeX Font Info:    Checking defaults for PD1/pdf/m/n on input line 6.
LaTeX Font Info:    ... okay on input line 6.

("C:\Users\LIUJI\AppData\Local\Programs\MiKTeX 2.9\tex/context/base/mkii\supp-p
df.mkii"
[Loading MPS to PDF converter (version 2006.09.02).]
\scratchcounter=\count385
\scratchdimen=\dimen353
\scratchbox=\box85
\nofMPsegments=\count386
\nofMParguments=\count387
\everyMPshowfont=\toks59
\MPscratchCnt=\count388
\MPscratchDim=\dimen354
\MPnumerator=\count389
\makeMPintoPDFobject=\count390
\everyMPtoPDFconversion=\toks60
)
("C:\Users\LIUJI\AppData\Local\Programs\MiKTeX 2.9\tex/latex/oberdiek\epstopdf-
base.sty"
Package: epstopdf-base 2016/05/15 v2.6 Base part for package epstopdf

("C:\Users\LIUJI\AppData\Local\Programs\MiKTeX 2.9\tex/latex/oberdiek\grfext.st
y"
Package: grfext 2016/05/16 v1.2 Manage graphics extensions (HO)
)
Package epstopdf-base Info: Redefining graphics rule for `.eps' on input line 4
38.
Package grfext Info: Graphics extension search list:
(grfext)             [.pdf,.png,.jpg,.mps,.jpeg,.jbig2,.jb2,.PDF,.PNG,.JPG,.JPE
G,.JBIG2,.JB2,.eps]
(grfext)             \AppendGraphicsExtensions on input line 456.
)
*geometry* driver: auto-detecting
*geometry* detected driver: pdftex
*geometry* verbose mode - [ preamble ] result:
* driver: pdftex
* paper: custom
* layout: <same size as paper>
* layoutoffset:(h,v)=(0.0pt,0.0pt)
* hratio: 1:1
* vratio: 1:1
* modes: 
* h-part:(L,W,R)=(64.75394pt, 468.0pt, 64.75394pt)
* v-part:(T,H,B)=(111.52342pt, 622.0pt, 111.52342pt)
* \paperwidth=597.50787pt
* \paperheight=845.04684pt
* \textwidth=468.0pt
* \textheight=622.0pt
* \oddsidemargin=-7.51605pt
* \evensidemargin=-7.51605pt
* \topmargin=-22.74657pt
* \headheight=50.0pt
* \headsep=12.0pt
* \topskip=10.0pt
* \footskip=18.0pt
* \marginparwidth=65.0pt
* \marginparsep=11.0pt
* \columnsep=24.0pt
* \skip\footins=24.0pt plus 2.0pt minus 12.0pt
* \hoffset=0.0pt
* \voffset=0.0pt
* \mag=1000
* \@twocolumnfalse
* \@twosidefalse
* \@mparswitchfalse
* \@reversemarginfalse
* (1in=72.27pt=25.4mm, 1cm=28.453pt)

Package caption Info: Begin \AtBeginDocument code.
Package caption Info: hyperref package is loaded.
Package caption Info: End \AtBeginDocument code.
Now handling font encoding TS1 ...
... processing UTF-8 mapping file for font encoding TS1
("C:\Users\LIUJI\AppData\Local\Programs\MiKTeX 2.9\tex/latex/base\ts1enc.dfu"
File: ts1enc.dfu 2018/10/05 v1.2f UTF-8 support for inputenc
   defining Unicode char U+00A2 (decimal 162)
   defining Unicode char U+00A3 (decimal 163)
   defining Unicode char U+00A4 (decimal 164)
   defining Unicode char U+00A5 (decimal 165)
   defining Unicode char U+00A6 (decimal 166)
   defining Unicode char U+00A7 (decimal 167)
   defining Unicode char U+00A8 (decimal 168)
   defining Unicode char U+00A9 (decimal 169)
   defining Unicode char U+00AA (decimal 170)
   defining Unicode char U+00AC (decimal 172)
   defining Unicode char U+00AE (decimal 174)
   defining Unicode char U+00AF (decimal 175)
   defining Unicode char U+00B0 (decimal 176)
   defining Unicode char U+00B1 (decimal 177)
   defining Unicode char U+00B2 (decimal 178)
   defining Unicode char U+00B3 (decimal 179)
   defining Unicode char U+00B4 (decimal 180)
   defining Unicode char U+00B5 (decimal 181)
   defining Unicode char U+00B6 (decimal 182)
   defining Unicode char U+00B7 (decimal 183)
   defining Unicode char U+00B9 (decimal 185)
   defining Unicode char U+00BA (decimal 186)
   defining Unicode char U+00BC (decimal 188)
   defining Unicode char U+00BD (decimal 189)
   defining Unicode char U+00BE (decimal 190)
   defining Unicode char U+00D7 (decimal 215)
   defining Unicode char U+00F7 (decimal 247)
   defining Unicode char U+0192 (decimal 402)
   defining Unicode char U+02C7 (decimal 711)
   defining Unicode char U+02D8 (decimal 728)
   defining Unicode char U+02DD (decimal 733)
   defining Unicode char U+0E3F (decimal 3647)
   defining Unicode char U+2016 (decimal 8214)
   defining Unicode char U+2020 (decimal 8224)
   defining Unicode char U+2021 (decimal 8225)
   defining Unicode char U+2022 (decimal 8226)
   defining Unicode char U+2030 (decimal 8240)
   defining Unicode char U+2031 (decimal 8241)
   defining Unicode char U+203B (decimal 8251)
   defining Unicode char U+203D (decimal 8253)
   defining Unicode char U+2044 (decimal 8260)
   defining Unicode char U+204E (decimal 8270)
   defining Unicode char U+2052 (decimal 8274)
   defining Unicode char U+20A1 (decimal 8353)
   defining Unicode char U+20A4 (decimal 8356)
   defining Unicode char U+20A6 (decimal 8358)
   defining Unicode char U+20A9 (decimal 8361)
   defining Unicode char U+20AB (decimal 8363)
   defining Unicode char U+20AC (decimal 8364)
   defining Unicode char U+20B1 (decimal 8369)
   defining Unicode char U+2103 (decimal 8451)
   defining Unicode char U+2116 (decimal 8470)
   defining Unicode char U+2117 (decimal 8471)
   defining Unicode char U+211E (decimal 8478)
   defining Unicode char U+2120 (decimal 8480)
   defining Unicode char U+2122 (decimal 8482)
   defining Unicode char U+2126 (decimal 8486)
   defining Unicode char U+2127 (decimal 8487)
   defining Unicode char U+212E (decimal 8494)
   defining Unicode char U+2190 (decimal 8592)
   defining Unicode char U+2191 (decimal 8593)
   defining Unicode char U+2192 (decimal 8594)
   defining Unicode char U+2193 (decimal 8595)
   defining Unicode char U+2329 (decimal 9001)
   defining Unicode char U+232A (decimal 9002)
   defining Unicode char U+2422 (decimal 9250)
   defining Unicode char U+25E6 (decimal 9702)
   defining Unicode char U+25EF (decimal 9711)
   defining Unicode char U+266A (decimal 9834)
   defining Unicode char U+FEFF (decimal 65279)
)
("C:\Users\LIUJI\AppData\Local\Programs\MiKTeX 2.9\tex/latex/translator\transla
tor-basic-dictionary-English.dict"
Dictionary: translator-basic-dictionary, Language: English 
)
("C:\Users\LIUJI\AppData\Local\Programs\MiKTeX 2.9\tex/latex/siunitx\siunitx-ab
breviations.cfg"
File: siunitx-abbreviations.cfg 2017/11/26 v2.7k siunitx: Abbreviated units
)
\AtBeginShipoutBox=\box86
Package hyperref Info: Link coloring OFF on input line 6.

("C:\Users\LIUJI\AppData\Local\Programs\MiKTeX 2.9\tex/latex/hyperref\nameref.s
ty"
Package: nameref 2016/05/21 v2.44 Cross-referencing by name of section

("C:\Users\LIUJI\AppData\Local\Programs\MiKTeX 2.9\tex/generic/oberdiek\gettitl
estring.sty"
Package: gettitlestring 2016/05/16 v1.5 Cleanup title references (HO)
)
\c@section@level=\count391
)
LaTeX Info: Redefining \ref on input line 6.
LaTeX Info: Redefining \pageref on input line 6.
LaTeX Info: Redefining \nameref on input line 6.
 (manuscript_CAM_113219.out) (manuscript_CAM_113219.out)
\@outlinefile=\write5
\openout5 = `manuscript_CAM_113219.out'.


ABD: EveryShipout initializing macros
Package pgfplots notification 'compat/show suggested version=true': you might b
enefit from \pgfplotsset{compat=1.16} (current compat level: 1.7).

LaTeX Font Info:    Try loading font information for U+msa on input line 6.
("C:\Users\LIUJI\AppData\Local\Programs\MiKTeX 2.9\tex/latex/amsfonts\umsa.fd"
File: umsa.fd 2013/01/14 v3.01 AMS symbols A
)
LaTeX Font Info:    Try loading font information for U+msb on input line 6.
("C:\Users\LIUJI\AppData\Local\Programs\MiKTeX 2.9\tex/latex/amsfonts\umsb.fd"
File: umsb.fd 2013/01/14 v3.01 AMS symbols B
)
LaTeX Font Info:    Try loading font information for U+esvect on input line 6.
("C:\Users\LIUJI\AppData\Local\Programs\MiKTeX 2.9\tex/latex/esvect\uesvect.fd"
File: uesvect.fd 
) [1

{C:/Users/LIUJI/AppData/Local/MiKTeX/2.9/pdftex/config/pdftex.map}]
[2] [3] [4] [5] [6]
<../2_figure/1_error_evolution_one_p/sketch_error_one_p.pdf, id=243, 483.69685p
t x 426.38086pt>
File: ../2_figure/1_error_evolution_one_p/sketch_error_one_p.pdf Graphic file (
type pdf)
<use ../2_figure/1_error_evolution_one_p/sketch_error_one_p.pdf>
Package pdftex.def Info: ../2_figure/1_error_evolution_one_p/sketch_error_one_p
.pdf  used on input line 216.
(pdftex.def)             Requested size: 234.0pt x 206.27397pt.
 [7]
<../2_figure/5_error_plot/py_bench_Pois_SM_solu.pdf, id=270, 464.05557pt x 354.
48215pt>
File: ../2_figure/5_error_plot/py_bench_Pois_SM_solu.pdf Graphic file (type pdf
)
<use ../2_figure/5_error_plot/py_bench_Pois_SM_solu.pdf>
Package pdftex.def Info: ../2_figure/5_error_plot/py_bench_Pois_SM_solu.pdf  us
ed on input line 260.
(pdftex.def)             Requested size: 156.49014pt x 119.53789pt.
<../2_figure/5_error_plot/py_bench_Pois_SM_grad.pdf, id=271, 464.05557pt x 354.
48215pt>
File: ../2_figure/5_error_plot/py_bench_Pois_SM_grad.pdf Graphic file (type pdf
)
<use ../2_figure/5_error_plot/py_bench_Pois_SM_grad.pdf>
Package pdftex.def Info: ../2_figure/5_error_plot/py_bench_Pois_SM_grad.pdf  us
ed on input line 266.
(pdftex.def)             Requested size: 156.49014pt x 119.53789pt.
<../2_figure/5_error_plot/py_bench_Pois_SM_2ndd.pdf, id=272, 464.05557pt x 354.
48215pt>
File: ../2_figure/5_error_plot/py_bench_Pois_SM_2ndd.pdf Graphic file (type pdf
)
<use ../2_figure/5_error_plot/py_bench_Pois_SM_2ndd.pdf>
Package pdftex.def Info: ../2_figure/5_error_plot/py_bench_Pois_SM_2ndd.pdf  us
ed on input line 272.
(pdftex.def)             Requested size: 156.49014pt x 119.53789pt.
<../2_figure/5_error_plot/py_bench_Pois_MM_solu.pdf, id=273, 464.05557pt x 354.
48215pt>
File: ../2_figure/5_error_plot/py_bench_Pois_MM_solu.pdf Graphic file (type pdf
)
<use ../2_figure/5_error_plot/py_bench_Pois_MM_solu.pdf>
Package pdftex.def Info: ../2_figure/5_error_plot/py_bench_Pois_MM_solu.pdf  us
ed on input line 282.
(pdftex.def)             Requested size: 156.49014pt x 119.53789pt.
<../2_figure/5_error_plot/py_bench_Pois_MM_grad.pdf, id=274, 464.05557pt x 354.
48215pt>
File: ../2_figure/5_error_plot/py_bench_Pois_MM_grad.pdf Graphic file (type pdf
)
<use ../2_figure/5_error_plot/py_bench_Pois_MM_grad.pdf>
Package pdftex.def Info: ../2_figure/5_error_plot/py_bench_Pois_MM_grad.pdf  us
ed on input line 288.
(pdftex.def)             Requested size: 156.49014pt x 119.53789pt.
<../2_figure/5_error_plot/py_bench_Pois_MM_2ndd.pdf, id=275, 464.05557pt x 354.
48215pt>
File: ../2_figure/5_error_plot/py_bench_Pois_MM_2ndd.pdf Graphic file (type pdf
)
<use ../2_figure/5_error_plot/py_bench_Pois_MM_2ndd.pdf>
Package pdftex.def Info: ../2_figure/5_error_plot/py_bench_Pois_MM_2ndd.pdf  us
ed on input line 294.
(pdftex.def)             Requested size: 156.49014pt x 119.53789pt.
Missing character: There is no ; in font nullfont!
 [8 <../2_figure/1_error_evolution_one_p/sketch_error_one_p.pdf>] [9 <../2_figu
re/5_error_plot/py_bench_Pois_SM_solu.pdf> <../2_figure/5_error_plot/py_bench_P
ois_SM_grad.pdf> <../2_figure/5_error_plot/py_bench_Pois_SM_2ndd.pdf> <../2_fig
ure/5_error_plot/py_bench_Pois_MM_solu.pdf> <../2_figure/5_error_plot/py_bench_
Pois_MM_grad.pdf> <../2_figure/5_error_plot/py_bench_Pois_MM_2ndd.pdf>]
<../2_figure/7_solution_strategy/2_one_degree_for_all_var/1_SM/py_error_compari
son_solution_strategy_sm_solu.pdf, id=600, 464.05557pt x 354.48215pt>
File: ../2_figure/7_solution_strategy/2_one_degree_for_all_var/1_SM/py_error_co
mparison_solution_strategy_sm_solu.pdf Graphic file (type pdf)
<use ../2_figure/7_solution_strategy/2_one_degree_for_all_var/1_SM/py_error_com
parison_solution_strategy_sm_solu.pdf>
Package pdftex.def Info: ../2_figure/7_solution_strategy/2_one_degree_for_all_v
ar/1_SM/py_error_comparison_solution_strategy_sm_solu.pdf  used on input line 4
04.
(pdftex.def)             Requested size: 156.49014pt x 119.53789pt.
<../2_figure/7_solution_strategy/2_one_degree_for_all_var/1_SM/py_error_compari
son_solution_strategy_sm_grad.pdf, id=601, 464.05557pt x 354.48215pt>
File: ../2_figure/7_solution_strategy/2_one_degree_for_all_var/1_SM/py_error_co
mparison_solution_strategy_sm_grad.pdf Graphic file (type pdf)
<use ../2_figure/7_solution_strategy/2_one_degree_for_all_var/1_SM/py_error_com
parison_solution_strategy_sm_grad.pdf>
Package pdftex.def Info: ../2_figure/7_solution_strategy/2_one_degree_for_all_v
ar/1_SM/py_error_comparison_solution_strategy_sm_grad.pdf  used on input line 4
10.
(pdftex.def)             Requested size: 156.49014pt x 119.53789pt.
<../2_figure/7_solution_strategy/2_one_degree_for_all_var/1_SM/py_error_compari
son_solution_strategy_sm_2ndd.pdf, id=602, 464.05557pt x 354.48215pt>
File: ../2_figure/7_solution_strategy/2_one_degree_for_all_var/1_SM/py_error_co
mparison_solution_strategy_sm_2ndd.pdf Graphic file (type pdf)
<use ../2_figure/7_solution_strategy/2_one_degree_for_all_var/1_SM/py_error_com
parison_solution_strategy_sm_2ndd.pdf>
Package pdftex.def Info: ../2_figure/7_solution_strategy/2_one_degree_for_all_v
ar/1_SM/py_error_comparison_solution_strategy_sm_2ndd.pdf  used on input line 4
16.
(pdftex.def)             Requested size: 156.49014pt x 119.53789pt.
 [10 <../2_figure/7_solution_strategy/2_one_degree_for_all_var/1_SM/py_error_co
mparison_solution_strategy_sm_solu.pdf> <../2_figure/7_solution_strategy/2_one_
degree_for_all_var/1_SM/py_error_comparison_solution_strategy_sm_grad.pdf> <../
2_figure/7_solution_strategy/2_one_degree_for_all_var/1_SM/py_error_comparison_
solution_strategy_sm_2ndd.pdf>]
<../2_figure/7_solution_strategy/2_one_degree_for_all_var/2_MM/1_1_Schur_varian
t_M_UMF/py_error_comparison_solution_strategy_mm_Schur_var_M_umf_solu.pdf, id=7
48, 464.05557pt x 354.48215pt>
File: ../2_figure/7_solution_strategy/2_one_degree_for_all_var/2_MM/1_1_Schur_v
ariant_M_UMF/py_error_comparison_solution_strategy_mm_Schur_var_M_umf_solu.pdf 
Graphic file (type pdf)
<use ../2_figure/7_solution_strategy/2_one_degree_for_all_var/2_MM/1_1_Schur_va
riant_M_UMF/py_error_comparison_solution_strategy_mm_Schur_var_M_umf_solu.pdf>
Package pdftex.def Info: ../2_figure/7_solution_strategy/2_one_degree_for_all_v
ar/2_MM/1_1_Schur_variant_M_UMF/py_error_comparison_solution_strategy_mm_Schur_
var_M_umf_solu.pdf  used on input line 450.
(pdftex.def)             Requested size: 156.49014pt x 119.53789pt.
<../2_figure/7_solution_strategy/2_one_degree_for_all_var/2_MM/1_1_Schur_varian
t_M_UMF/py_error_comparison_solution_strategy_mm_Schur_var_M_umf_grad.pdf, id=7
49, 464.05557pt x 354.48215pt>
File: ../2_figure/7_solution_strategy/2_one_degree_for_all_var/2_MM/1_1_Schur_v
ariant_M_UMF/py_error_comparison_solution_strategy_mm_Schur_var_M_umf_grad.pdf 
Graphic file (type pdf)
<use ../2_figure/7_solution_strategy/2_one_degree_for_all_var/2_MM/1_1_Schur_va
riant_M_UMF/py_error_comparison_solution_strategy_mm_Schur_var_M_umf_grad.pdf>
Package pdftex.def Info: ../2_figure/7_solution_strategy/2_one_degree_for_all_v
ar/2_MM/1_1_Schur_variant_M_UMF/py_error_comparison_solution_strategy_mm_Schur_
var_M_umf_grad.pdf  used on input line 456.
(pdftex.def)             Requested size: 156.49014pt x 119.53789pt.
<../2_figure/7_solution_strategy/2_one_degree_for_all_var/2_MM/1_1_Schur_varian
t_M_UMF/py_error_comparison_solution_strategy_mm_Schur_var_M_umf_2ndd.pdf, id=7
50, 464.05557pt x 354.48215pt>
File: ../2_figure/7_solution_strategy/2_one_degree_for_all_var/2_MM/1_1_Schur_v
ariant_M_UMF/py_error_comparison_solution_strategy_mm_Schur_var_M_umf_2ndd.pdf 
Graphic file (type pdf)
<use ../2_figure/7_solution_strategy/2_one_degree_for_all_var/2_MM/1_1_Schur_va
riant_M_UMF/py_error_comparison_solution_strategy_mm_Schur_var_M_umf_2ndd.pdf>
Package pdftex.def Info: ../2_figure/7_solution_strategy/2_one_degree_for_all_v
ar/2_MM/1_1_Schur_variant_M_UMF/py_error_comparison_solution_strategy_mm_Schur_
var_M_umf_2ndd.pdf  used on input line 462.
(pdftex.def)             Requested size: 156.49014pt x 119.53789pt.
<../2_figure/7_solution_strategy/2_one_degree_for_all_var/2_MM/1_1_Schur_varian
t_M_UMF/py_error_comparison_solution_strategy_mm_M_var_Schur_1em16_solu.pdf, id
=753, 464.05557pt x 354.48215pt>
File: ../2_figure/7_solution_strategy/2_one_degree_for_all_var/2_MM/1_1_Schur_v
ariant_M_UMF/py_error_comparison_solution_strategy_mm_M_var_Schur_1em16_solu.pd
f Graphic file (type pdf)
<use ../2_figure/7_solution_strategy/2_one_degree_for_all_var/2_MM/1_1_Schur_va
riant_M_UMF/py_error_comparison_solution_strategy_mm_M_var_Schur_1em16_solu.pdf
>
Package pdftex.def Info: ../2_figure/7_solution_strategy/2_one_degree_for_all_v
ar/2_MM/1_1_Schur_variant_M_UMF/py_error_comparison_solution_strategy_mm_M_var_
Schur_1em16_solu.pdf  used on input line 475.
(pdftex.def)             Requested size: 156.49014pt x 119.53789pt.
<../2_figure/7_solution_strategy/2_one_degree_for_all_var/2_MM/1_1_Schur_varian
t_M_UMF/py_error_comparison_solution_strategy_mm_M_var_Schur_1em16_grad.pdf, id
=754, 464.05557pt x 354.48215pt>
File: ../2_figure/7_solution_strategy/2_one_degree_for_all_var/2_MM/1_1_Schur_v
ariant_M_UMF/py_error_comparison_solution_strategy_mm_M_var_Schur_1em16_grad.pd
f Graphic file (type pdf)
<use ../2_figure/7_solution_strategy/2_one_degree_for_all_var/2_MM/1_1_Schur_va
riant_M_UMF/py_error_comparison_solution_strategy_mm_M_var_Schur_1em16_grad.pdf
>
Package pdftex.def Info: ../2_figure/7_solution_strategy/2_one_degree_for_all_v
ar/2_MM/1_1_Schur_variant_M_UMF/py_error_comparison_solution_strategy_mm_M_var_
Schur_1em16_grad.pdf  used on input line 481.
(pdftex.def)             Requested size: 156.49014pt x 119.53789pt.
<../2_figure/7_solution_strategy/2_one_degree_for_all_var/2_MM/1_1_Schur_varian
t_M_UMF/py_error_comparison_solution_strategy_mm_M_var_Schur_1em16_2ndd.pdf, id
=755, 464.05557pt x 354.48215pt>
File: ../2_figure/7_solution_strategy/2_one_degree_for_all_var/2_MM/1_1_Schur_v
ariant_M_UMF/py_error_comparison_solution_strategy_mm_M_var_Schur_1em16_2ndd.pd
f Graphic file (type pdf)
<use ../2_figure/7_solution_strategy/2_one_degree_for_all_var/2_MM/1_1_Schur_va
riant_M_UMF/py_error_comparison_solution_strategy_mm_M_var_Schur_1em16_2ndd.pdf
>
Package pdftex.def Info: ../2_figure/7_solution_strategy/2_one_degree_for_all_v
ar/2_MM/1_1_Schur_variant_M_UMF/py_error_comparison_solution_strategy_mm_M_var_
Schur_1em16_2ndd.pdf  used on input line 487.
(pdftex.def)             Requested size: 156.49014pt x 119.53789pt.
 [11 <../2_figure/7_solution_strategy/2_one_degree_for_all_var/2_MM/1_1_Schur_v
ariant_M_UMF/py_error_comparison_solution_strategy_mm_Schur_var_M_umf_solu.pdf>
 <../2_figure/7_solution_strategy/2_one_degree_for_all_var/2_MM/1_1_Schur_varia
nt_M_UMF/py_error_comparison_solution_strategy_mm_Schur_var_M_umf_grad.pdf> <..
/2_figure/7_solution_strategy/2_one_degree_for_all_var/2_MM/1_1_Schur_variant_M
_UMF/py_error_comparison_solution_strategy_mm_Schur_var_M_umf_2ndd.pdf>]
<../2_figure/6_boundary_condition/1_weak_imposition/py_bench_Pois_SM_error_boun
dary_weak_solu.pdf, id=889, 464.05557pt x 354.48215pt>
File: ../2_figure/6_boundary_condition/1_weak_imposition/py_bench_Pois_SM_error
_boundary_weak_solu.pdf Graphic file (type pdf)
<use ../2_figure/6_boundary_condition/1_weak_imposition/py_bench_Pois_SM_error_
boundary_weak_solu.pdf>
Package pdftex.def Info: ../2_figure/6_boundary_condition/1_weak_imposition/py_
bench_Pois_SM_error_boundary_weak_solu.pdf  used on input line 505.
(pdftex.def)             Requested size: 156.49014pt x 119.53789pt.
<../2_figure/6_boundary_condition/1_weak_imposition/py_bench_Pois_SM_error_boun
dary_weak_grad.pdf, id=890, 464.05557pt x 354.48215pt>
File: ../2_figure/6_boundary_condition/1_weak_imposition/py_bench_Pois_SM_error
_boundary_weak_grad.pdf Graphic file (type pdf)
<use ../2_figure/6_boundary_condition/1_weak_imposition/py_bench_Pois_SM_error_
boundary_weak_grad.pdf>
Package pdftex.def Info: ../2_figure/6_boundary_condition/1_weak_imposition/py_
bench_Pois_SM_error_boundary_weak_grad.pdf  used on input line 511.
(pdftex.def)             Requested size: 156.49014pt x 119.53789pt.
<../2_figure/6_boundary_condition/1_weak_imposition/py_bench_Pois_SM_error_boun
dary_weak_2ndd.pdf, id=891, 464.05557pt x 354.48215pt>
File: ../2_figure/6_boundary_condition/1_weak_imposition/py_bench_Pois_SM_error
_boundary_weak_2ndd.pdf Graphic file (type pdf)
<use ../2_figure/6_boundary_condition/1_weak_imposition/py_bench_Pois_SM_error_
boundary_weak_2ndd.pdf>
Package pdftex.def Info: ../2_figure/6_boundary_condition/1_weak_imposition/py_
bench_Pois_SM_error_boundary_weak_2ndd.pdf  used on input line 517.
(pdftex.def)             Requested size: 156.49014pt x 119.53789pt.
 [12 <../2_figure/7_solution_strategy/2_one_degree_for_all_var/2_MM/1_1_Schur_v
ariant_M_UMF/py_error_comparison_solution_strategy_mm_M_var_Schur_1em16_solu.pd
f> <../2_figure/7_solution_strategy/2_one_degree_for_all_var/2_MM/1_1_Schur_var
iant_M_UMF/py_error_comparison_solution_strategy_mm_M_var_Schur_1em16_grad.pdf>
 <../2_figure/7_solution_strategy/2_one_degree_for_all_var/2_MM/1_1_Schur_varia
nt_M_UMF/py_error_comparison_solution_strategy_mm_M_var_Schur_1em16_2ndd.pdf> <
../2_figure/6_boundary_condition/1_weak_imposition/py_bench_Pois_SM_error_bound
ary_weak_solu.pdf> <../2_figure/6_boundary_condition/1_weak_imposition/py_bench
_Pois_SM_error_boundary_weak_grad.pdf> <../2_figure/6_boundary_condition/1_weak
_imposition/py_bench_Pois_SM_error_boundary_weak_2ndd.pdf>]
Missing character: There is no ; in font nullfont!
Missing character: There is no ; in font nullfont!
 [13]
<../2_figure/2_l2_norm_u_f/l2_norm_u_f.pdf, id=1156, 458.61337pt x 356.0662pt>
File: ../2_figure/2_l2_norm_u_f/l2_norm_u_f.pdf Graphic file (type pdf)
<use ../2_figure/2_l2_norm_u_f/l2_norm_u_f.pdf>
Package pdftex.def Info: ../2_figure/2_l2_norm_u_f/l2_norm_u_f.pdf  used on inp
ut line 637.
(pdftex.def)             Requested size: 196.55914pt x 152.60562pt.
<../2_figure/4_offset_summary/py_offset_summary_Pois_sm.pdf, id=1163, 464.05557
pt x 356.0662pt>
File: ../2_figure/4_offset_summary/py_offset_summary_Pois_sm.pdf Graphic file (
type pdf)
<use ../2_figure/4_offset_summary/py_offset_summary_Pois_sm.pdf>
Package pdftex.def Info: ../2_figure/4_offset_summary/py_offset_summary_Pois_sm
.pdf  used on input line 649.
(pdftex.def)             Requested size: 170.71652pt x 130.98721pt.
<../2_figure/4_offset_summary/py_offset_summary_Pois_mm.pdf, id=1164, 490.15308
pt x 377.94795pt>
File: ../2_figure/4_offset_summary/py_offset_summary_Pois_mm.pdf Graphic file (
type pdf)
<use ../2_figure/4_offset_summary/py_offset_summary_Pois_mm.pdf>
Package pdftex.def Info: ../2_figure/4_offset_summary/py_offset_summary_Pois_mm
.pdf  used on input line 655.
(pdftex.def)             Requested size: 170.71652pt x 131.63785pt.
 [14 <../2_figure/2_l2_norm_u_f/l2_norm_u_f.pdf>]
[15 <../2_figure/4_offset_summary/py_offset_summary_Pois_sm.pdf> <../2_figure/4
_offset_summary/py_offset_summary_Pois_mm.pdf>]
<../2_figure/4_offset_summary/py_offset_summary_diff_sm.pdf, id=1316, 464.05557
pt x 356.0662pt>
File: ../2_figure/4_offset_summary/py_offset_summary_diff_sm.pdf Graphic file (
type pdf)
<use ../2_figure/4_offset_summary/py_offset_summary_diff_sm.pdf>
Package pdftex.def Info: ../2_figure/4_offset_summary/py_offset_summary_diff_sm
.pdf  used on input line 735.
(pdftex.def)             Requested size: 170.71652pt x 130.98721pt.
<../2_figure/4_offset_summary/py_offset_summary_diff_mm.pdf, id=1317, 464.05557
pt x 356.0662pt>
File: ../2_figure/4_offset_summary/py_offset_summary_diff_mm.pdf Graphic file (
type pdf)
<use ../2_figure/4_offset_summary/py_offset_summary_diff_mm.pdf>
Package pdftex.def Info: ../2_figure/4_offset_summary/py_offset_summary_diff_mm
.pdf  used on input line 741.
(pdftex.def)             Requested size: 170.71652pt x 130.98721pt.
<../2_figure/4_offset_summary/py_offset_summary_Helm_sm.pdf, id=1318, 464.05557
pt x 356.0662pt>
File: ../2_figure/4_offset_summary/py_offset_summary_Helm_sm.pdf Graphic file (
type pdf)
<use ../2_figure/4_offset_summary/py_offset_summary_Helm_sm.pdf>
Package pdftex.def Info: ../2_figure/4_offset_summary/py_offset_summary_Helm_sm
.pdf  used on input line 752.
(pdftex.def)             Requested size: 170.71652pt x 130.98721pt.
<../2_figure/4_offset_summary/py_offset_summary_Helm_mm.pdf, id=1319, 464.05557
pt x 356.0662pt>
File: ../2_figure/4_offset_summary/py_offset_summary_Helm_mm.pdf Graphic file (
type pdf)
<use ../2_figure/4_offset_summary/py_offset_summary_Helm_mm.pdf>
Package pdftex.def Info: ../2_figure/4_offset_summary/py_offset_summary_Helm_mm
.pdf  used on input line 758.
(pdftex.def)             Requested size: 170.71652pt x 130.98721pt.
 [16 <../2_figure/4_offset_summary/py_offset_summary_diff_sm.pdf> <../2_figure/
4_offset_summary/py_offset_summary_diff_mm.pdf>] [17 <../2_figure/4_offset_summ
ary/py_offset_summary_Helm_sm.pdf> <../2_figure/4_offset_summary/py_offset_summ
ary_Helm_mm.pdf>]
LaTeX Font Info:    Try loading font information for OMS+cmr on input line 853.


("C:\Users\LIUJI\AppData\Local\Programs\MiKTeX 2.9\tex/latex/base\omscmr.fd"
File: omscmr.fd 2014/09/29 v2.5h Standard LaTeX font definitions
)
LaTeX Font Info:    Font shape `OMS/cmr/m/n' in size <9> not available
(Font)              Font shape `OMS/cmsy/m/n' tried instead on input line 853.

[18] [19]
<../2_figure/8_algorithm_plot/py_comparison_DoFinder_accuracy_sm.pdf, id=1518, 
453.01433pt x 353.96458pt>
File: ../2_figure/8_algorithm_plot/py_comparison_DoFinder_accuracy_sm.pdf Graph
ic file (type pdf)
<use ../2_figure/8_algorithm_plot/py_comparison_DoFinder_accuracy_sm.pdf>
Package pdftex.def Info: ../2_figure/8_algorithm_plot/py_comparison_DoFinder_ac
curacy_sm.pdf  used on input line 927.
(pdftex.def)             Requested size: 170.71652pt x 133.38991pt.
<../2_figure/8_algorithm_plot/py_comparison_DoFinder_accuracy_mm.pdf, id=1519, 
453.01433pt x 353.96458pt>
File: ../2_figure/8_algorithm_plot/py_comparison_DoFinder_accuracy_mm.pdf Graph
ic file (type pdf)
<use ../2_figure/8_algorithm_plot/py_comparison_DoFinder_accuracy_mm.pdf>
Package pdftex.def Info: ../2_figure/8_algorithm_plot/py_comparison_DoFinder_ac
curacy_mm.pdf  used on input line 932.
(pdftex.def)             Requested size: 170.71652pt x 133.38991pt.
<../2_figure/8_algorithm_plot/py_comparison_DoFinder_n_opt_sm.pdf, id=1522, 446
.56837pt x 353.96458pt>
File: ../2_figure/8_algorithm_plot/py_comparison_DoFinder_n_opt_sm.pdf Graphic 
file (type pdf)
<use ../2_figure/8_algorithm_plot/py_comparison_DoFinder_n_opt_sm.pdf>
Package pdftex.def Info: ../2_figure/8_algorithm_plot/py_comparison_DoFinder_n_
opt_sm.pdf  used on input line 943.
(pdftex.def)             Requested size: 170.71652pt x 135.31268pt.
<../2_figure/8_algorithm_plot/py_comparison_DoFinder_n_opt_mm.pdf, id=1523, 446
.56837pt x 353.96458pt>
File: ../2_figure/8_algorithm_plot/py_comparison_DoFinder_n_opt_mm.pdf Graphic 
file (type pdf)
<use ../2_figure/8_algorithm_plot/py_comparison_DoFinder_n_opt_mm.pdf>
Package pdftex.def Info: ../2_figure/8_algorithm_plot/py_comparison_DoFinder_n_
opt_mm.pdf  used on input line 948.
(pdftex.def)             Requested size: 170.71652pt x 135.31268pt.
 [20 <../2_figure/8_algorithm_plot/py_comparison_DoFinder_accuracy_sm.pdf> <../
2_figure/8_algorithm_plot/py_comparison_DoFinder_accuracy_mm.pdf> <../2_figure/
8_algorithm_plot/py_comparison_DoFinder_n_opt_sm.pdf> <../2_figure/8_algorithm_
plot/py_comparison_DoFinder_n_opt_mm.pdf>]
<../2_figure/8_algorithm_plot/py_comparison_DoFinder_cpu_brut_sm.pdf, id=1655, 
445.98808pt x 353.96458pt>
File: ../2_figure/8_algorithm_plot/py_comparison_DoFinder_cpu_brut_sm.pdf Graph
ic file (type pdf)
<use ../2_figure/8_algorithm_plot/py_comparison_DoFinder_cpu_brut_sm.pdf>
Package pdftex.def Info: ../2_figure/8_algorithm_plot/py_comparison_DoFinder_cp
u_brut_sm.pdf  used on input line 964.
(pdftex.def)             Requested size: 170.71652pt x 135.49092pt.
<../2_figure/8_algorithm_plot/py_comparison_DoFinder_cpu_brut_mm.pdf, id=1656, 
445.98808pt x 353.96458pt>
File: ../2_figure/8_algorithm_plot/py_comparison_DoFinder_cpu_brut_mm.pdf Graph
ic file (type pdf)
<use ../2_figure/8_algorithm_plot/py_comparison_DoFinder_cpu_brut_mm.pdf>
Package pdftex.def Info: ../2_figure/8_algorithm_plot/py_comparison_DoFinder_cp
u_brut_mm.pdf  used on input line 969.
(pdftex.def)             Requested size: 170.71652pt x 135.49092pt.
<../2_figure/8_algorithm_plot/py_comparison_DoFinder_cpu_pred_only_sm.pdf, id=1
659, 443.63554pt x 353.70581pt>
File: ../2_figure/8_algorithm_plot/py_comparison_DoFinder_cpu_pred_only_sm.pdf 
Graphic file (type pdf)
<use ../2_figure/8_algorithm_plot/py_comparison_DoFinder_cpu_pred_only_sm.pdf>
Package pdftex.def Info: ../2_figure/8_algorithm_plot/py_comparison_DoFinder_cp
u_pred_only_sm.pdf  used on input line 980.
(pdftex.def)             Requested size: 170.71652pt x 136.10968pt.
<../2_figure/8_algorithm_plot/py_comparison_DoFinder_cpu_pred_only_mm.pdf, id=1
660, 443.63554pt x 353.70581pt>
File: ../2_figure/8_algorithm_plot/py_comparison_DoFinder_cpu_pred_only_mm.pdf 
Graphic file (type pdf)
<use ../2_figure/8_algorithm_plot/py_comparison_DoFinder_cpu_pred_only_mm.pdf>
Package pdftex.def Info: ../2_figure/8_algorithm_plot/py_comparison_DoFinder_cp
u_pred_only_mm.pdf  used on input line 985.
(pdftex.def)             Requested size: 170.71652pt x 136.10968pt.
<../2_figure/8_algorithm_plot/py_comparison_DoFinder_cpu_saved_sm.pdf, id=1664,
 453.78282pt x 353.70581pt>
File: ../2_figure/8_algorithm_plot/py_comparison_DoFinder_cpu_saved_sm.pdf Grap
hic file (type pdf)
<use ../2_figure/8_algorithm_plot/py_comparison_DoFinder_cpu_saved_sm.pdf>
Package pdftex.def Info: ../2_figure/8_algorithm_plot/py_comparison_DoFinder_cp
u_saved_sm.pdf  used on input line 998.
(pdftex.def)             Requested size: 170.71652pt x 133.06572pt.
<../2_figure/8_algorithm_plot/py_comparison_DoFinder_cpu_saved_mm.pdf, id=1665,
 453.78282pt x 353.70581pt>
File: ../2_figure/8_algorithm_plot/py_comparison_DoFinder_cpu_saved_mm.pdf Grap
hic file (type pdf)
<use ../2_figure/8_algorithm_plot/py_comparison_DoFinder_cpu_saved_mm.pdf>
Package pdftex.def Info: ../2_figure/8_algorithm_plot/py_comparison_DoFinder_cp
u_saved_mm.pdf  used on input line 1003.
(pdftex.def)             Requested size: 170.71652pt x 133.06572pt.
 [21 <../2_figure/8_algorithm_plot/py_comparison_DoFinder_cpu_brut_sm.pdf> <../
2_figure/8_algorithm_plot/py_comparison_DoFinder_cpu_brut_mm.pdf> <../2_figure/
8_algorithm_plot/py_comparison_DoFinder_cpu_pred_only_sm.pdf> <../2_figure/8_al
gorithm_plot/py_comparison_DoFinder_cpu_pred_only_mm.pdf>] [22 <../2_figure/8_a
lgorithm_plot/py_comparison_DoFinder_cpu_saved_sm.pdf> <../2_figure/8_algorithm
_plot/py_comparison_DoFinder_cpu_saved_mm.pdf>] (manuscript_CAM_113219.bbl [23]
) [24]
Package atveryend Info: Empty hook `BeforeClearDocument' on input line 1084.
Package atveryend Info: Empty hook `AfterLastShipout' on input line 1084.

(manuscript_CAM_113219.aux)
Package atveryend Info: Executing hook `AtVeryEndDocument' on input line 1084.
Package atveryend Info: Executing hook `AtEndAfterFileList' on input line 1084.

Package rerunfilecheck Info: File `manuscript_CAM_113219.out' has not changed.
(rerunfilecheck)             Checksum: 6B7E71419654FAAD14523D49090085A6;1991.
Package atveryend Info: Empty hook `AtVeryVeryEnd' on input line 1084.
 ) 
Here is how much of TeX's memory you used:
 48002 strings out of 492895
 1093929 string characters out of 3123735
 1273354 words of memory out of 3000000
 51046 multiletter control sequences out of 15000+200000
 547342 words of font info for 85 fonts, out of 3000000 for 9000
 1141 hyphenation exceptions out of 8191
 69i,23n,110p,1084b,2482s stack positions out of 5000i,500n,10000p,200000b,50000s
<C:/Users/LIUJI/AppData/Local/Programs/MiKTeX 2.9/fonts/type1/public/amsfonts
/cm/cmbx10.pfb><C:/Users/LIUJI/AppData/Local/Programs/MiKTeX 2.9/fonts/type1/pu
blic/amsfonts/cm/cmbx7.pfb><C:/Users/LIUJI/AppData/Local/Programs/MiKTeX 2.9/fo
nts/type1/public/amsfonts/cm/cmbx8.pfb><C:/Users/LIUJI/AppData/Local/Programs/M
iKTeX 2.9/fonts/type1/public/amsfonts/cm/cmex10.pfb><C:/Users/LIUJI/AppData/Loc
al/Programs/MiKTeX 2.9/fonts/type1/public/amsfonts/cmextra/cmex9.pfb><C:/Users/
LIUJI/AppData/Local/Programs/MiKTeX 2.9/fonts/type1/public/amsfonts/cm/cmmi10.p
fb><C:/Users/LIUJI/AppData/Local/Programs/MiKTeX 2.9/fonts/type1/public/amsfont
s/cm/cmmi5.pfb><C:/Users/LIUJI/AppData/Local/Programs/MiKTeX 2.9/fonts/type1/pu
blic/amsfonts/cm/cmmi6.pfb><C:/Users/LIUJI/AppData/Local/Programs/MiKTeX 2.9/fo
nts/type1/public/amsfonts/cm/cmmi7.pfb><C:/Users/LIUJI/AppData/Local/Programs/M
iKTeX 2.9/fonts/type1/public/amsfonts/cm/cmmi8.pfb><C:/Users/LIUJI/AppData/Loca
l/Programs/MiKTeX 2.9/fonts/type1/public/amsfonts/cm/cmmi9.pfb><C:/Users/LIUJI/
AppData/Local/Programs/MiKTeX 2.9/fonts/type1/public/amsfonts/cm/cmr10.pfb><C:/
Users/LIUJI/AppData/Local/Programs/MiKTeX 2.9/fonts/type1/public/amsfonts/cm/cm
r12.pfb><C:/Users/LIUJI/AppData/Local/Programs/MiKTeX 2.9/fonts/type1/public/am
sfonts/cm/cmr5.pfb><C:/Users/LIUJI/AppData/Local/Programs/MiKTeX 2.9/fonts/type
1/public/amsfonts/cm/cmr6.pfb><C:/Users/LIUJI/AppData/Local/Programs/MiKTeX 2.9
/fonts/type1/public/amsfonts/cm/cmr7.pfb><C:/Users/LIUJI/AppData/Local/Programs
/MiKTeX 2.9/fonts/type1/public/amsfonts/cm/cmr8.pfb><C:/Users/LIUJI/AppData/Loc
al/Programs/MiKTeX 2.9/fonts/type1/public/amsfonts/cm/cmr9.pfb><C:/Users/LIUJI/
AppData/Local/Programs/MiKTeX 2.9/fonts/type1/public/amsfonts/cm/cmss8.pfb><C:/
Users/LIUJI/AppData/Local/Programs/MiKTeX 2.9/fonts/type1/public/amsfonts/cm/cm
sy10.pfb><C:/Users/LIUJI/AppData/Local/Programs/MiKTeX 2.9/fonts/type1/public/a
msfonts/cm/cmsy6.pfb><C:/Users/LIUJI/AppData/Local/Programs/MiKTeX 2.9/fonts/ty
pe1/public/amsfonts/cm/cmsy7.pfb><C:/Users/LIUJI/AppData/Local/Programs/MiKTeX 
2.9/fonts/type1/public/amsfonts/cm/cmsy8.pfb><C:/Users/LIUJI/AppData/Local/Prog
rams/MiKTeX 2.9/fonts/type1/public/amsfonts/cm/cmsy9.pfb><C:/Users/LIUJI/AppDat
a/Local/Programs/MiKTeX 2.9/fonts/type1/public/amsfonts/cm/cmti10.pfb><C:/Users
/LIUJI/AppData/Local/Programs/MiKTeX 2.9/fonts/type1/public/amsfonts/cm/cmti7.p
fb><C:/Users/LIUJI/AppData/Local/Programs/MiKTeX 2.9/fonts/type1/public/amsfont
s/cm/cmti8.pfb><C:/Users/LIUJI/AppData/Local/Programs/MiKTeX 2.9/fonts/type1/pu
blic/amsfonts/cm/cmtt8.pfb><C:/Users/LIUJI/AppData/Local/Programs/MiKTeX 2.9/fo
nts/type1/public/amsfonts/symbols/msam10.pfb><C:/Users/LIUJI/AppData/Local/Prog
rams/MiKTeX 2.9/fonts/type1/public/amsfonts/symbols/msbm10.pfb>
Output written on manuscript_CAM_113219.pdf (24 pages, 1045469 bytes).
PDF statistics:
 2052 PDF objects out of 2073 (max. 8388607)
 181 named destinations out of 1000 (max. 500000)
 409 words of extra memory for PDF output out of 10000 (max. 10000000)

